This is pdfTeX, Version 3.141592653-2.6-1.40.25 (TeX Live 2023) (preloaded format=pdflatex 2023.8.11)  8 SEP 2025 15:41
entering extended mode
 restricted \write18 enabled.
 file:line:error style messages enabled.
 %&-line parsing enabled.
**"/Users/darioliotta/Documents/Physics of Data/Quantum Information and Computing/Project/beamer/01beamer.tex"
(/Users/darioliotta/Documents/Physics of Data/Quantum Information and Computing/Project/beamer/01beamer.tex
LaTeX2e <2022-11-01> patch level 1
L3 programming layer <2023-02-22> (/usr/local/texlive/2023/texmf-dist/tex/latex/beamer/beamer.cls
Document Class: beamer 2023/02/20 v3.69 A class for typesetting presentations
(/usr/local/texlive/2023/texmf-dist/tex/latex/beamer/beamerbasemodes.sty (/usr/local/texlive/2023/texmf-dist/tex/latex/etoolbox/etoolbox.sty
Package: etoolbox 2020/10/05 v2.5k e-TeX tools for LaTeX (JAW)
\etb@tempcnta=\count185
)
\beamer@tempbox=\box51
\beamer@tempcount=\count186
\c@beamerpauses=\count187
 (/usr/local/texlive/2023/texmf-dist/tex/latex/beamer/beamerbasedecode.sty
\beamer@slideinframe=\count188
\beamer@minimum=\count189
\beamer@decode@box=\box52
)
\beamer@commentbox=\box53
\beamer@modecount=\count190
) (/usr/local/texlive/2023/texmf-dist/tex/generic/iftex/iftex.sty
Package: iftex 2022/02/03 v1.0f TeX engine tests
)
\headdp=\dimen140
\footheight=\dimen141
\sidebarheight=\dimen142
\beamer@tempdim=\dimen143
\beamer@finalheight=\dimen144
\beamer@animht=\dimen145
\beamer@animdp=\dimen146
\beamer@animwd=\dimen147
\beamer@leftmargin=\dimen148
\beamer@rightmargin=\dimen149
\beamer@leftsidebar=\dimen150
\beamer@rightsidebar=\dimen151
\beamer@boxsize=\dimen152
\beamer@vboxoffset=\dimen153
\beamer@descdefault=\dimen154
\beamer@descriptionwidth=\dimen155
\beamer@lastskip=\skip48
\beamer@areabox=\box54
\beamer@animcurrent=\box55
\beamer@animshowbox=\box56
\beamer@sectionbox=\box57
\beamer@logobox=\box58
\beamer@linebox=\box59
\beamer@sectioncount=\count191
\beamer@subsubsectionmax=\count192
\beamer@subsectionmax=\count193
\beamer@sectionmax=\count194
\beamer@totalheads=\count195
\beamer@headcounter=\count196
\beamer@partstartpage=\count197
\beamer@sectionstartpage=\count198
\beamer@subsectionstartpage=\count199
\beamer@animationtempa=\count266
\beamer@animationtempb=\count267
\beamer@xpos=\count268
\beamer@ypos=\count269
\beamer@ypos@offset=\count270
\beamer@showpartnumber=\count271
\beamer@currentsubsection=\count272
\beamer@coveringdepth=\count273
\beamer@sectionadjust=\count274
\beamer@toclastsection=\count275
\beamer@tocsectionnumber=\count276
 (/usr/local/texlive/2023/texmf-dist/tex/latex/beamer/beamerbaseoptions.sty (/usr/local/texlive/2023/texmf-dist/tex/latex/graphics/keyval.sty
Package: keyval 2022/05/29 v1.15 key=value parser (DPC)
\KV@toks@=\toks16
))
\beamer@paperwidth=\skip49
\beamer@paperheight=\skip50
 (/usr/local/texlive/2023/texmf-dist/tex/latex/geometry/geometry.sty
Package: geometry 2020/01/02 v5.9 Page Geometry
 (/usr/local/texlive/2023/texmf-dist/tex/generic/iftex/ifvtex.sty
Package: ifvtex 2019/10/25 v1.7 ifvtex legacy package. Use iftex instead.
)
\Gm@cnth=\count277
\Gm@cntv=\count278
\c@Gm@tempcnt=\count279
\Gm@bindingoffset=\dimen156
\Gm@wd@mp=\dimen157
\Gm@odd@mp=\dimen158
\Gm@even@mp=\dimen159
\Gm@layoutwidth=\dimen160
\Gm@layoutheight=\dimen161
\Gm@layouthoffset=\dimen162
\Gm@layoutvoffset=\dimen163
\Gm@dimlist=\toks17
) (/usr/local/texlive/2023/texmf-dist/tex/latex/pgf/math/pgfmath.sty (/usr/local/texlive/2023/texmf-dist/tex/latex/pgf/utilities/pgfrcs.sty (/usr/local/texlive/2023/texmf-dist/tex/generic/pgf/utilities/pgfutil-common.tex
\pgfutil@everybye=\toks18
\pgfutil@tempdima=\dimen164
\pgfutil@tempdimb=\dimen165
) (/usr/local/texlive/2023/texmf-dist/tex/generic/pgf/utilities/pgfutil-latex.def
\pgfutil@abb=\box60
) (/usr/local/texlive/2023/texmf-dist/tex/generic/pgf/utilities/pgfrcs.code.tex (/usr/local/texlive/2023/texmf-dist/tex/generic/pgf/pgf.revision.tex)
Package: pgfrcs 2023-01-15 v3.1.10 (3.1.10)
)) (/usr/local/texlive/2023/texmf-dist/tex/latex/pgf/utilities/pgfkeys.sty (/usr/local/texlive/2023/texmf-dist/tex/generic/pgf/utilities/pgfkeys.code.tex
\pgfkeys@pathtoks=\toks19
\pgfkeys@temptoks=\toks20
 (/usr/local/texlive/2023/texmf-dist/tex/generic/pgf/utilities/pgfkeyslibraryfiltered.code.tex
\pgfkeys@tmptoks=\toks21
))) (/usr/local/texlive/2023/texmf-dist/tex/generic/pgf/math/pgfmath.code.tex (/usr/local/texlive/2023/texmf-dist/tex/generic/pgf/math/pgfmathutil.code.tex
\pgf@x=\dimen166
\pgf@xa=\dimen167
\pgf@xb=\dimen168
\pgf@xc=\dimen169
\pgf@y=\dimen170
\pgf@ya=\dimen171
\pgf@yb=\dimen172
\pgf@yc=\dimen173
\c@pgf@counta=\count280
\c@pgf@countb=\count281
\c@pgf@countc=\count282
\c@pgf@countd=\count283
) (/usr/local/texlive/2023/texmf-dist/tex/generic/pgf/math/pgfmathparser.code.tex
\pgfmath@dimen=\dimen174
\pgfmath@count=\count284
\pgfmath@box=\box61
\pgfmath@toks=\toks22
\pgfmath@stack@operand=\toks23
\pgfmath@stack@operation=\toks24
) (/usr/local/texlive/2023/texmf-dist/tex/generic/pgf/math/pgfmathfunctions.code.tex) (/usr/local/texlive/2023/texmf-dist/tex/generic/pgf/math/pgfmathfunctions.basic.code.tex) (/usr/local/texlive/2023/texmf-dist/tex/generic/pgf/math/pgfmathfunctions.trigonometric.code.tex) (/usr/local/texlive/2023/texmf-dist/tex/generic/pgf/math/pgfmathfunctions.random.code.tex) (/usr/local/texlive/2023/texmf-dist/tex/generic/pgf/math/pgfmathfunctions.comparison.code.tex) (/usr/local/texlive/2023/texmf-dist/tex/generic/pgf/math/pgfmathfunctions.base.code.tex) (/usr/local/texlive/2023/texmf-dist/tex/generic/pgf/math/pgfmathfunctions.round.code.tex) (/usr/local/texlive/2023/texmf-dist/tex/generic/pgf/math/pgfmathfunctions.misc.code.tex) (/usr/local/texlive/2023/texmf-dist/tex/generic/pgf/math/pgfmathfunctions.integerarithmetics.code.tex) (/usr/local/texlive/2023/texmf-dist/tex/generic/pgf/math/pgfmathcalc.code.tex) (/usr/local/texlive/2023/texmf-dist/tex/generic/pgf/math/pgfmathfloat.code.tex
\c@pgfmathroundto@lastzeros=\count285
))) (/usr/local/texlive/2023/texmf-dist/tex/latex/base/size10.clo
File: size10.clo 2022/07/02 v1.4n Standard LaTeX file (size option)
) (/usr/local/texlive/2023/texmf-dist/tex/latex/pgf/basiclayer/pgfcore.sty (/usr/local/texlive/2023/texmf-dist/tex/latex/graphics/graphicx.sty
Package: graphicx 2021/09/16 v1.2d Enhanced LaTeX Graphics (DPC,SPQR)
 (/usr/local/texlive/2023/texmf-dist/tex/latex/graphics/graphics.sty
Package: graphics 2022/03/10 v1.4e Standard LaTeX Graphics (DPC,SPQR)
 (/usr/local/texlive/2023/texmf-dist/tex/latex/graphics/trig.sty
Package: trig 2021/08/11 v1.11 sin cos tan (DPC)
) (/usr/local/texlive/2023/texmf-dist/tex/latex/graphics-cfg/graphics.cfg
File: graphics.cfg 2016/06/04 v1.11 sample graphics configuration
)
Package graphics Info: Driver file: pdftex.def on input line 107.
 (/usr/local/texlive/2023/texmf-dist/tex/latex/graphics-def/pdftex.def
File: pdftex.def 2022/09/22 v1.2b Graphics/color driver for pdftex
))
\Gin@req@height=\dimen175
\Gin@req@width=\dimen176
) (/usr/local/texlive/2023/texmf-dist/tex/latex/pgf/systemlayer/pgfsys.sty (/usr/local/texlive/2023/texmf-dist/tex/generic/pgf/systemlayer/pgfsys.code.tex
Package: pgfsys 2023-01-15 v3.1.10 (3.1.10)
\pgf@x=\dimen177
\pgf@y=\dimen178
\pgf@xa=\dimen179
\pgf@ya=\dimen180
\pgf@xb=\dimen181
\pgf@yb=\dimen182
\pgf@xc=\dimen183
\pgf@yc=\dimen184
\pgf@xd=\dimen185
\pgf@yd=\dimen186
\w@pgf@writea=\write3
\r@pgf@reada=\read2
\c@pgf@counta=\count286
\c@pgf@countb=\count287
\c@pgf@countc=\count288
\c@pgf@countd=\count289
\t@pgf@toka=\toks25
\t@pgf@tokb=\toks26
\t@pgf@tokc=\toks27
\pgf@sys@id@count=\count290
 (/usr/local/texlive/2023/texmf-dist/tex/generic/pgf/systemlayer/pgf.cfg
File: pgf.cfg 2023-01-15 v3.1.10 (3.1.10)
)
Driver file for pgf: pgfsys-pdftex.def
 (/usr/local/texlive/2023/texmf-dist/tex/generic/pgf/systemlayer/pgfsys-pdftex.def
File: pgfsys-pdftex.def 2023-01-15 v3.1.10 (3.1.10)
 (/usr/local/texlive/2023/texmf-dist/tex/generic/pgf/systemlayer/pgfsys-common-pdf.def
File: pgfsys-common-pdf.def 2023-01-15 v3.1.10 (3.1.10)
))) (/usr/local/texlive/2023/texmf-dist/tex/generic/pgf/systemlayer/pgfsyssoftpath.code.tex
File: pgfsyssoftpath.code.tex 2023-01-15 v3.1.10 (3.1.10)
\pgfsyssoftpath@smallbuffer@items=\count291
\pgfsyssoftpath@bigbuffer@items=\count292
) (/usr/local/texlive/2023/texmf-dist/tex/generic/pgf/systemlayer/pgfsysprotocol.code.tex
File: pgfsysprotocol.code.tex 2023-01-15 v3.1.10 (3.1.10)
)) (/usr/local/texlive/2023/texmf-dist/tex/latex/xcolor/xcolor.sty
Package: xcolor 2022/06/12 v2.14 LaTeX color extensions (UK)
 (/usr/local/texlive/2023/texmf-dist/tex/latex/graphics-cfg/color.cfg
File: color.cfg 2016/01/02 v1.6 sample color configuration
)
Package xcolor Info: Driver file: pdftex.def on input line 227.
 (/usr/local/texlive/2023/texmf-dist/tex/latex/graphics/mathcolor.ltx)
Package xcolor Info: Model `cmy' substituted by `cmy0' on input line 1353.
Package xcolor Info: Model `hsb' substituted by `rgb' on input line 1357.
Package xcolor Info: Model `RGB' extended on input line 1369.
Package xcolor Info: Model `HTML' substituted by `rgb' on input line 1371.
Package xcolor Info: Model `Hsb' substituted by `hsb' on input line 1372.
Package xcolor Info: Model `tHsb' substituted by `hsb' on input line 1373.
Package xcolor Info: Model `HSB' substituted by `hsb' on input line 1374.
Package xcolor Info: Model `Gray' substituted by `gray' on input line 1375.
Package xcolor Info: Model `wave' substituted by `hsb' on input line 1376.
 (/usr/local/texlive/2023/texmf-dist/tex/latex/graphics/dvipsnam.def
File: dvipsnam.def 2016/06/17 v3.0m Driver-dependent file (DPC,SPQR)
)) (/usr/local/texlive/2023/texmf-dist/tex/generic/pgf/basiclayer/pgfcore.code.tex
Package: pgfcore 2023-01-15 v3.1.10 (3.1.10)
 (/usr/local/texlive/2023/texmf-dist/tex/generic/pgf/math/pgfint.code.tex) (/usr/local/texlive/2023/texmf-dist/tex/generic/pgf/basiclayer/pgfcorepoints.code.tex
File: pgfcorepoints.code.tex 2023-01-15 v3.1.10 (3.1.10)
\pgf@picminx=\dimen187
\pgf@picmaxx=\dimen188
\pgf@picminy=\dimen189
\pgf@picmaxy=\dimen190
\pgf@pathminx=\dimen191
\pgf@pathmaxx=\dimen192
\pgf@pathminy=\dimen193
\pgf@pathmaxy=\dimen194
\pgf@xx=\dimen195
\pgf@xy=\dimen196
\pgf@yx=\dimen197
\pgf@yy=\dimen198
\pgf@zx=\dimen199
\pgf@zy=\dimen256
) (/usr/local/texlive/2023/texmf-dist/tex/generic/pgf/basiclayer/pgfcorepathconstruct.code.tex
File: pgfcorepathconstruct.code.tex 2023-01-15 v3.1.10 (3.1.10)
\pgf@path@lastx=\dimen257
\pgf@path@lasty=\dimen258
) (/usr/local/texlive/2023/texmf-dist/tex/generic/pgf/basiclayer/pgfcorepathusage.code.tex
File: pgfcorepathusage.code.tex 2023-01-15 v3.1.10 (3.1.10)
\pgf@shorten@end@additional=\dimen259
\pgf@shorten@start@additional=\dimen260
) (/usr/local/texlive/2023/texmf-dist/tex/generic/pgf/basiclayer/pgfcorescopes.code.tex
File: pgfcorescopes.code.tex 2023-01-15 v3.1.10 (3.1.10)
\pgfpic=\box62
\pgf@hbox=\box63
\pgf@layerbox@main=\box64
\pgf@picture@serial@count=\count293
) (/usr/local/texlive/2023/texmf-dist/tex/generic/pgf/basiclayer/pgfcoregraphicstate.code.tex
File: pgfcoregraphicstate.code.tex 2023-01-15 v3.1.10 (3.1.10)
\pgflinewidth=\dimen261
) (/usr/local/texlive/2023/texmf-dist/tex/generic/pgf/basiclayer/pgfcoretransformations.code.tex
File: pgfcoretransformations.code.tex 2023-01-15 v3.1.10 (3.1.10)
\pgf@pt@x=\dimen262
\pgf@pt@y=\dimen263
\pgf@pt@temp=\dimen264
) (/usr/local/texlive/2023/texmf-dist/tex/generic/pgf/basiclayer/pgfcorequick.code.tex
File: pgfcorequick.code.tex 2023-01-15 v3.1.10 (3.1.10)
) (/usr/local/texlive/2023/texmf-dist/tex/generic/pgf/basiclayer/pgfcoreobjects.code.tex
File: pgfcoreobjects.code.tex 2023-01-15 v3.1.10 (3.1.10)
) (/usr/local/texlive/2023/texmf-dist/tex/generic/pgf/basiclayer/pgfcorepathprocessing.code.tex
File: pgfcorepathprocessing.code.tex 2023-01-15 v3.1.10 (3.1.10)
) (/usr/local/texlive/2023/texmf-dist/tex/generic/pgf/basiclayer/pgfcorearrows.code.tex
File: pgfcorearrows.code.tex 2023-01-15 v3.1.10 (3.1.10)
\pgfarrowsep=\dimen265
) (/usr/local/texlive/2023/texmf-dist/tex/generic/pgf/basiclayer/pgfcoreshade.code.tex
File: pgfcoreshade.code.tex 2023-01-15 v3.1.10 (3.1.10)
\pgf@max=\dimen266
\pgf@sys@shading@range@num=\count294
\pgf@shadingcount=\count295
) (/usr/local/texlive/2023/texmf-dist/tex/generic/pgf/basiclayer/pgfcoreimage.code.tex
File: pgfcoreimage.code.tex 2023-01-15 v3.1.10 (3.1.10)
) (/usr/local/texlive/2023/texmf-dist/tex/generic/pgf/basiclayer/pgfcoreexternal.code.tex
File: pgfcoreexternal.code.tex 2023-01-15 v3.1.10 (3.1.10)
\pgfexternal@startupbox=\box65
) (/usr/local/texlive/2023/texmf-dist/tex/generic/pgf/basiclayer/pgfcorelayers.code.tex
File: pgfcorelayers.code.tex 2023-01-15 v3.1.10 (3.1.10)
) (/usr/local/texlive/2023/texmf-dist/tex/generic/pgf/basiclayer/pgfcoretransparency.code.tex
File: pgfcoretransparency.code.tex 2023-01-15 v3.1.10 (3.1.10)
) (/usr/local/texlive/2023/texmf-dist/tex/generic/pgf/basiclayer/pgfcorepatterns.code.tex
File: pgfcorepatterns.code.tex 2023-01-15 v3.1.10 (3.1.10)
) (/usr/local/texlive/2023/texmf-dist/tex/generic/pgf/basiclayer/pgfcorerdf.code.tex
File: pgfcorerdf.code.tex 2023-01-15 v3.1.10 (3.1.10)
))) (/usr/local/texlive/2023/texmf-dist/tex/latex/pgf/utilities/xxcolor.sty
Package: xxcolor 2003/10/24 ver 0.1
\XC@nummixins=\count296
\XC@countmixins=\count297
) (/usr/local/texlive/2023/texmf-dist/tex/latex/base/atbegshi-ltx.sty
Package: atbegshi-ltx 2021/01/10 v1.0c Emulation of the original atbegshi
package with kernel methods
) (/usr/local/texlive/2023/texmf-dist/tex/latex/hyperref/hyperref.sty
Package: hyperref 2023-02-07 v7.00v Hypertext links for LaTeX
 (/usr/local/texlive/2023/texmf-dist/tex/generic/ltxcmds/ltxcmds.sty
Package: ltxcmds 2020-05-10 v1.25 LaTeX kernel commands for general use (HO)
) (/usr/local/texlive/2023/texmf-dist/tex/generic/pdftexcmds/pdftexcmds.sty
Package: pdftexcmds 2020-06-27 v0.33 Utility functions of pdfTeX for LuaTeX (HO)
 (/usr/local/texlive/2023/texmf-dist/tex/generic/infwarerr/infwarerr.sty
Package: infwarerr 2019/12/03 v1.5 Providing info/warning/error messages (HO)
)
Package pdftexcmds Info: \pdf@primitive is available.
Package pdftexcmds Info: \pdf@ifprimitive is available.
Package pdftexcmds Info: \pdfdraftmode found.
) (/usr/local/texlive/2023/texmf-dist/tex/latex/kvsetkeys/kvsetkeys.sty
Package: kvsetkeys 2022-10-05 v1.19 Key value parser (HO)
) (/usr/local/texlive/2023/texmf-dist/tex/generic/kvdefinekeys/kvdefinekeys.sty
Package: kvdefinekeys 2019-12-19 v1.6 Define keys (HO)
) (/usr/local/texlive/2023/texmf-dist/tex/generic/pdfescape/pdfescape.sty
Package: pdfescape 2019/12/09 v1.15 Implements pdfTeX's escape features (HO)
) (/usr/local/texlive/2023/texmf-dist/tex/latex/hycolor/hycolor.sty
Package: hycolor 2020-01-27 v1.10 Color options for hyperref/bookmark (HO)
) (/usr/local/texlive/2023/texmf-dist/tex/latex/letltxmacro/letltxmacro.sty
Package: letltxmacro 2019/12/03 v1.6 Let assignment for LaTeX macros (HO)
) (/usr/local/texlive/2023/texmf-dist/tex/latex/auxhook/auxhook.sty
Package: auxhook 2019-12-17 v1.6 Hooks for auxiliary files (HO)
) (/usr/local/texlive/2023/texmf-dist/tex/latex/hyperref/nameref.sty
Package: nameref 2022-05-17 v2.50 Cross-referencing by name of section
 (/usr/local/texlive/2023/texmf-dist/tex/latex/refcount/refcount.sty
Package: refcount 2019/12/15 v3.6 Data extraction from label references (HO)
) (/usr/local/texlive/2023/texmf-dist/tex/generic/gettitlestring/gettitlestring.sty
Package: gettitlestring 2019/12/15 v1.6 Cleanup title references (HO)
 (/usr/local/texlive/2023/texmf-dist/tex/latex/kvoptions/kvoptions.sty
Package: kvoptions 2022-06-15 v3.15 Key value format for package options (HO)
))
\c@section@level=\count298
)
\@linkdim=\dimen267
\Hy@linkcounter=\count299
\Hy@pagecounter=\count300
 (/usr/local/texlive/2023/texmf-dist/tex/latex/hyperref/pd1enc.def
File: pd1enc.def 2023-02-07 v7.00v Hyperref: PDFDocEncoding definition (HO)
Now handling font encoding PD1 ...
... no UTF-8 mapping file for font encoding PD1
) (/usr/local/texlive/2023/texmf-dist/tex/generic/intcalc/intcalc.sty
Package: intcalc 2019/12/15 v1.3 Expandable calculations with integers (HO)
) (/usr/local/texlive/2023/texmf-dist/tex/generic/etexcmds/etexcmds.sty
Package: etexcmds 2019/12/15 v1.7 Avoid name clashes with e-TeX commands (HO)
)
\Hy@SavedSpaceFactor=\count301
 (/usr/local/texlive/2023/texmf-dist/tex/latex/hyperref/puenc.def
File: puenc.def 2023-02-07 v7.00v Hyperref: PDF Unicode definition (HO)
Now handling font encoding PU ...
... no UTF-8 mapping file for font encoding PU
)
Package hyperref Info: Option `bookmarks' set `true' on input line 4060.
Package hyperref Info: Option `bookmarksopen' set `true' on input line 4060.
Package hyperref Info: Option `implicit' set `false' on input line 4060.
Package hyperref Info: Hyper figures OFF on input line 4177.
Package hyperref Info: Link nesting OFF on input line 4182.
Package hyperref Info: Hyper index ON on input line 4185.
Package hyperref Info: Plain pages OFF on input line 4192.
Package hyperref Info: Backreferencing OFF on input line 4197.
Package hyperref Info: Implicit mode OFF; no redefinition of LaTeX internals.
Package hyperref Info: Bookmarks ON on input line 4425.
\c@Hy@tempcnt=\count302
 (/usr/local/texlive/2023/texmf-dist/tex/latex/url/url.sty
\Urlmuskip=\muskip16
Package: url 2013/09/16  ver 3.4  Verb mode for urls, etc.
)
LaTeX Info: Redefining \url on input line 4763.
\XeTeXLinkMargin=\dimen268
 (/usr/local/texlive/2023/texmf-dist/tex/generic/bitset/bitset.sty
Package: bitset 2019/12/09 v1.3 Handle bit-vector datatype (HO)
 (/usr/local/texlive/2023/texmf-dist/tex/generic/bigintcalc/bigintcalc.sty
Package: bigintcalc 2019/12/15 v1.5 Expandable calculations on big integers (HO)
))
\Fld@menulength=\count303
\Field@Width=\dimen269
\Fld@charsize=\dimen270
Package hyperref Info: Hyper figures OFF on input line 6042.
Package hyperref Info: Link nesting OFF on input line 6047.
Package hyperref Info: Hyper index ON on input line 6050.
Package hyperref Info: backreferencing OFF on input line 6057.
Package hyperref Info: Link coloring OFF on input line 6062.
Package hyperref Info: Link coloring with OCG OFF on input line 6067.
Package hyperref Info: PDF/A mode OFF on input line 6072.
\Hy@abspage=\count304


Package hyperref Message: Stopped early.

)
Package hyperref Info: Driver (autodetected): hpdftex.
 (/usr/local/texlive/2023/texmf-dist/tex/latex/hyperref/hpdftex.def
File: hpdftex.def 2023-02-07 v7.00v Hyperref driver for pdfTeX
 (/usr/local/texlive/2023/texmf-dist/tex/latex/base/atveryend-ltx.sty
Package: atveryend-ltx 2020/08/19 v1.0a Emulation of the original atveryend package
with kernel methods
)
\Fld@listcount=\count305
\c@bookmark@seq@number=\count306
 (/usr/local/texlive/2023/texmf-dist/tex/latex/rerunfilecheck/rerunfilecheck.sty
Package: rerunfilecheck 2022-07-10 v1.10 Rerun checks for auxiliary files (HO)
 (/usr/local/texlive/2023/texmf-dist/tex/generic/uniquecounter/uniquecounter.sty
Package: uniquecounter 2019/12/15 v1.4 Provide unlimited unique counter (HO)
)
Package uniquecounter Info: New unique counter `rerunfilecheck' on input line 285.
)) (/usr/local/texlive/2023/texmf-dist/tex/latex/beamer/beamerbaserequires.sty (/usr/local/texlive/2023/texmf-dist/tex/latex/beamer/beamerbasecompatibility.sty) (/usr/local/texlive/2023/texmf-dist/tex/latex/beamer/beamerbasefont.sty (/usr/local/texlive/2023/texmf-dist/tex/latex/amsfonts/amssymb.sty
Package: amssymb 2013/01/14 v3.01 AMS font symbols
 (/usr/local/texlive/2023/texmf-dist/tex/latex/amsfonts/amsfonts.sty
Package: amsfonts 2013/01/14 v3.01 Basic AMSFonts support
\@emptytoks=\toks28
\symAMSa=\mathgroup4
\symAMSb=\mathgroup5
LaTeX Font Info:    Redeclaring math symbol \hbar on input line 98.
LaTeX Font Info:    Overwriting math alphabet `\mathfrak' in version `bold'
(Font)                  U/euf/m/n --> U/euf/b/n on input line 106.
)) (/usr/local/texlive/2023/texmf-dist/tex/latex/sansmathaccent/sansmathaccent.sty
Package: sansmathaccent 2020/01/31
 (/usr/local/texlive/2023/texmf-dist/tex/latex/koma-script/scrlfile.sty
Package: scrlfile 2022/10/12 v3.38 KOMA-Script package (file load hooks)
 (/usr/local/texlive/2023/texmf-dist/tex/latex/koma-script/scrlfile-hook.sty
Package: scrlfile-hook 2022/10/12 v3.38 KOMA-Script package (using LaTeX hooks)
 (/usr/local/texlive/2023/texmf-dist/tex/latex/koma-script/scrlogo.sty
Package: scrlogo 2022/10/12 v3.38 KOMA-Script package (logo)
))))) (/usr/local/texlive/2023/texmf-dist/tex/latex/beamer/beamerbasetranslator.sty (/usr/local/texlive/2023/texmf-dist/tex/latex/translator/translator.sty
Package: translator 2021-05-31 v1.12d Easy translation of strings in LaTeX
)) (/usr/local/texlive/2023/texmf-dist/tex/latex/beamer/beamerbasemisc.sty) (/usr/local/texlive/2023/texmf-dist/tex/latex/beamer/beamerbasetwoscreens.sty) (/usr/local/texlive/2023/texmf-dist/tex/latex/beamer/beamerbaseoverlay.sty
\beamer@argscount=\count307
\beamer@lastskipcover=\skip51
\beamer@trivlistdepth=\count308
) (/usr/local/texlive/2023/texmf-dist/tex/latex/beamer/beamerbasetitle.sty) (/usr/local/texlive/2023/texmf-dist/tex/latex/beamer/beamerbasesection.sty
\c@lecture=\count309
\c@part=\count310
\c@section=\count311
\c@subsection=\count312
\c@subsubsection=\count313
) (/usr/local/texlive/2023/texmf-dist/tex/latex/beamer/beamerbaseframe.sty
\beamer@framebox=\box66
\beamer@frametitlebox=\box67
\beamer@zoombox=\box68
\beamer@zoomcount=\count314
\beamer@zoomframecount=\count315
\beamer@frametextheight=\dimen271
\c@subsectionslide=\count316
\beamer@frametopskip=\skip52
\beamer@framebottomskip=\skip53
\beamer@frametopskipautobreak=\skip54
\beamer@framebottomskipautobreak=\skip55
\beamer@envbody=\toks29
\framewidth=\dimen272
\c@framenumber=\count317
) (/usr/local/texlive/2023/texmf-dist/tex/latex/beamer/beamerbaseverbatim.sty
\beamer@verbatimfileout=\write4
) (/usr/local/texlive/2023/texmf-dist/tex/latex/beamer/beamerbaseframesize.sty
\beamer@splitbox=\box69
\beamer@autobreakcount=\count318
\beamer@autobreaklastheight=\dimen273
\beamer@frametitletoks=\toks30
\beamer@framesubtitletoks=\toks31
) (/usr/local/texlive/2023/texmf-dist/tex/latex/beamer/beamerbaseframecomponents.sty
\beamer@footins=\box70
) (/usr/local/texlive/2023/texmf-dist/tex/latex/beamer/beamerbasecolor.sty) (/usr/local/texlive/2023/texmf-dist/tex/latex/beamer/beamerbasenotes.sty
\beamer@frameboxcopy=\box71
) (/usr/local/texlive/2023/texmf-dist/tex/latex/beamer/beamerbasetoc.sty) (/usr/local/texlive/2023/texmf-dist/tex/latex/beamer/beamerbasetemplates.sty
\beamer@sbttoks=\toks32
 (/usr/local/texlive/2023/texmf-dist/tex/latex/beamer/beamerbaseauxtemplates.sty (/usr/local/texlive/2023/texmf-dist/tex/latex/beamer/beamerbaseboxes.sty
\bmb@box=\box72
\bmb@colorbox=\box73
\bmb@boxwidth=\dimen274
\bmb@boxheight=\dimen275
\bmb@prevheight=\dimen276
\bmb@temp=\dimen277
\bmb@dima=\dimen278
\bmb@dimb=\dimen279
\bmb@prevheight=\dimen280
)
\beamer@blockheadheight=\dimen281
)) (/usr/local/texlive/2023/texmf-dist/tex/latex/beamer/beamerbaselocalstructure.sty (/usr/local/texlive/2023/texmf-dist/tex/latex/tools/enumerate.sty
Package: enumerate 2015/07/23 v3.00 enumerate extensions (DPC)
\@enLab=\toks33
)
\beamer@bibiconwidth=\skip56
\c@figure=\count319
\c@table=\count320
\abovecaptionskip=\skip57
\belowcaptionskip=\skip58
) (/usr/local/texlive/2023/texmf-dist/tex/latex/beamer/beamerbasenavigation.sty (/usr/local/texlive/2023/texmf-dist/tex/latex/beamer/beamerbasenavigationsymbols.tex)
\beamer@section@min@dim=\dimen282
) (/usr/local/texlive/2023/texmf-dist/tex/latex/beamer/beamerbasetheorems.sty (/usr/local/texlive/2023/texmf-dist/tex/latex/amsmath/amsmath.sty
Package: amsmath 2022/04/08 v2.17n AMS math features
\@mathmargin=\skip59

For additional information on amsmath, use the `?' option.
(/usr/local/texlive/2023/texmf-dist/tex/latex/amsmath/amstext.sty
Package: amstext 2021/08/26 v2.01 AMS text
 (/usr/local/texlive/2023/texmf-dist/tex/latex/amsmath/amsgen.sty
File: amsgen.sty 1999/11/30 v2.0 generic functions
\@emptytoks=\toks34
\ex@=\dimen283
)) (/usr/local/texlive/2023/texmf-dist/tex/latex/amsmath/amsbsy.sty
Package: amsbsy 1999/11/29 v1.2d Bold Symbols
\pmbraise@=\dimen284
) (/usr/local/texlive/2023/texmf-dist/tex/latex/amsmath/amsopn.sty
Package: amsopn 2022/04/08 v2.04 operator names
)
\inf@bad=\count321
LaTeX Info: Redefining \frac on input line 234.
\uproot@=\count322
\leftroot@=\count323
LaTeX Info: Redefining \overline on input line 399.
LaTeX Info: Redefining \colon on input line 410.
\classnum@=\count324
\DOTSCASE@=\count325
LaTeX Info: Redefining \ldots on input line 496.
LaTeX Info: Redefining \dots on input line 499.
LaTeX Info: Redefining \cdots on input line 620.
\Mathstrutbox@=\box74
\strutbox@=\box75
LaTeX Info: Redefining \big on input line 722.
LaTeX Info: Redefining \Big on input line 723.
LaTeX Info: Redefining \bigg on input line 724.
LaTeX Info: Redefining \Bigg on input line 725.
\big@size=\dimen285
LaTeX Font Info:    Redeclaring font encoding OML on input line 743.
LaTeX Font Info:    Redeclaring font encoding OMS on input line 744.
\macc@depth=\count326
LaTeX Info: Redefining \bmod on input line 905.
LaTeX Info: Redefining \pmod on input line 910.
LaTeX Info: Redefining \smash on input line 940.
LaTeX Info: Redefining \relbar on input line 970.
LaTeX Info: Redefining \Relbar on input line 971.
\c@MaxMatrixCols=\count327
\dotsspace@=\muskip17
\c@parentequation=\count328
\dspbrk@lvl=\count329
\tag@help=\toks35
\row@=\count330
\column@=\count331
\maxfields@=\count332
\andhelp@=\toks36
\eqnshift@=\dimen286
\alignsep@=\dimen287
\tagshift@=\dimen288
\tagwidth@=\dimen289
\totwidth@=\dimen290
\lineht@=\dimen291
\@envbody=\toks37
\multlinegap=\skip60
\multlinetaggap=\skip61
\mathdisplay@stack=\toks38
LaTeX Info: Redefining \[ on input line 2953.
LaTeX Info: Redefining \] on input line 2954.
) (/usr/local/texlive/2023/texmf-dist/tex/latex/amscls/amsthm.sty
Package: amsthm 2020/05/29 v2.20.6
\thm@style=\toks39
\thm@bodyfont=\toks40
\thm@headfont=\toks41
\thm@notefont=\toks42
\thm@headpunct=\toks43
\thm@preskip=\skip62
\thm@postskip=\skip63
\thm@headsep=\skip64
\dth@everypar=\toks44
)
\c@theorem=\count333
) (/usr/local/texlive/2023/texmf-dist/tex/latex/beamer/beamerbasethemes.sty)) (/usr/local/texlive/2023/texmf-dist/tex/latex/beamer/beamerthemedefault.sty (/usr/local/texlive/2023/texmf-dist/tex/latex/beamer/beamerfontthemedefault.sty) (/usr/local/texlive/2023/texmf-dist/tex/latex/beamer/beamercolorthemedefault.sty) (/usr/local/texlive/2023/texmf-dist/tex/latex/beamer/beamerinnerthemedefault.sty
\beamer@dima=\dimen292
\beamer@dimb=\dimen293
) (/usr/local/texlive/2023/texmf-dist/tex/latex/beamer/beamerouterthemedefault.sty))) (/usr/local/texlive/2023/texmf-dist/tex/latex/graphics/rotating.sty
Package: rotating 2016/08/11 v2.16d rotated objects in LaTeX
 (/usr/local/texlive/2023/texmf-dist/tex/latex/base/ifthen.sty
Package: ifthen 2022/04/13 v1.1d Standard LaTeX ifthen package (DPC)
)
\c@r@tfl@t=\count334
\rotFPtop=\skip65
\rotFPbot=\skip66
\rot@float@box=\box76
\rot@mess@toks=\toks45
) (/usr/local/texlive/2023/texmf-dist/tex/latex/bookmark/bookmark.sty
Package: bookmark 2020-11-06 v1.29 PDF bookmarks (HO)
 (/usr/local/texlive/2023/texmf-dist/tex/latex/bookmark/bkm-pdftex.def
File: bkm-pdftex.def 2020-11-06 v1.29 bookmark driver for pdfTeX (HO)
\BKM@id=\count335
)) (/usr/local/texlive/2023/texmf-dist/tex/latex/bigints/bigints.sty
Package: bigints 2010/02/15 Writing big integrals
Package bigints Info: This is Bigints by Merciadri Luca. on input line 5.
) (/usr/local/texlive/2023/texmf-dist/tex/latex/natbib/natbib.sty
Package: natbib 2010/09/13 8.31b (PWD, AO)
\bibhang=\skip67
\bibsep=\skip68
LaTeX Info: Redefining \cite on input line 694.
\c@NAT@ctr=\count336
) (/usr/local/texlive/2023/texmf-dist/tex/latex/relsize/relsize.sty
Package: relsize 2013/03/29 ver 4.1
) (/usr/local/texlive/2023/texmf-dist/tex/latex/caption/caption.sty
Package: caption 2023/03/12 v3.6j Customizing captions (AR)
 (/usr/local/texlive/2023/texmf-dist/tex/latex/caption/caption3.sty
Package: caption3 2023/03/12 v2.4 caption3 kernel (AR)
\caption@tempdima=\dimen294
\captionmargin=\dimen295
\caption@leftmargin=\dimen296
\caption@rightmargin=\dimen297
\caption@width=\dimen298
\caption@indent=\dimen299
\caption@parindent=\dimen300
\caption@hangindent=\dimen301
Package caption Info: beamer document class detected.
 (/usr/local/texlive/2023/texmf-dist/tex/latex/caption/caption-beamer.sto
File: caption-beamer.sto 2022/01/06 v2.0c Adaption of the caption package to the beamer document classes (AR)
))
\c@caption@flags=\count337
\c@continuedfloat=\count338
Package caption Info: hyperref package is loaded.
Package caption Info: Hyperref support is turned off
(caption)             because hyperref has stopped early.
Package caption Info: rotating package is loaded.
) (/usr/local/texlive/2023/texmf-dist/tex/latex/caption/subcaption.sty
Package: subcaption 2023/02/19 v1.6 Sub-captions (AR)
Package caption Info: New subtype `subfigure' on input line 239.
\c@subfigure=\count339
Package caption Info: New subtype `subtable' on input line 239.
\c@subtable=\count340
) (/usr/local/texlive/2023/texmf-dist/tex/latex/framed/framed.sty
Package: framed 2011/10/22 v 0.96: framed or shaded text with page breaks
\OuterFrameSep=\skip69
\fb@frw=\dimen302
\fb@frh=\dimen303
\FrameRule=\dimen304
\FrameSep=\dimen305
) (/usr/local/texlive/2023/texmf-dist/tex/latex/pgf/frontendlayer/tikz.sty (/usr/local/texlive/2023/texmf-dist/tex/latex/pgf/basiclayer/pgf.sty
Package: pgf 2023-01-15 v3.1.10 (3.1.10)
 (/usr/local/texlive/2023/texmf-dist/tex/generic/pgf/modules/pgfmoduleshapes.code.tex
File: pgfmoduleshapes.code.tex 2023-01-15 v3.1.10 (3.1.10)
\pgfnodeparttextbox=\box77
) (/usr/local/texlive/2023/texmf-dist/tex/generic/pgf/modules/pgfmoduleplot.code.tex
File: pgfmoduleplot.code.tex 2023-01-15 v3.1.10 (3.1.10)
) (/usr/local/texlive/2023/texmf-dist/tex/latex/pgf/compatibility/pgfcomp-version-0-65.sty
Package: pgfcomp-version-0-65 2023-01-15 v3.1.10 (3.1.10)
\pgf@nodesepstart=\dimen306
\pgf@nodesepend=\dimen307
) (/usr/local/texlive/2023/texmf-dist/tex/latex/pgf/compatibility/pgfcomp-version-1-18.sty
Package: pgfcomp-version-1-18 2023-01-15 v3.1.10 (3.1.10)
)) (/usr/local/texlive/2023/texmf-dist/tex/latex/pgf/utilities/pgffor.sty (/usr/local/texlive/2023/texmf-dist/tex/generic/pgf/utilities/pgffor.code.tex
Package: pgffor 2023-01-15 v3.1.10 (3.1.10)
\pgffor@iter=\dimen308
\pgffor@skip=\dimen309
\pgffor@stack=\toks46
\pgffor@toks=\toks47
)) (/usr/local/texlive/2023/texmf-dist/tex/generic/pgf/frontendlayer/tikz/tikz.code.tex
Package: tikz 2023-01-15 v3.1.10 (3.1.10)
 (/usr/local/texlive/2023/texmf-dist/tex/generic/pgf/libraries/pgflibraryplothandlers.code.tex
File: pgflibraryplothandlers.code.tex 2023-01-15 v3.1.10 (3.1.10)
\pgf@plot@mark@count=\count341
\pgfplotmarksize=\dimen310
)
\tikz@lastx=\dimen311
\tikz@lasty=\dimen312
\tikz@lastxsaved=\dimen313
\tikz@lastysaved=\dimen314
\tikz@lastmovetox=\dimen315
\tikz@lastmovetoy=\dimen316
\tikzleveldistance=\dimen317
\tikzsiblingdistance=\dimen318
\tikz@figbox=\box78
\tikz@figbox@bg=\box79
\tikz@tempbox=\box80
\tikz@tempbox@bg=\box81
\tikztreelevel=\count342
\tikznumberofchildren=\count343
\tikznumberofcurrentchild=\count344
\tikz@fig@count=\count345
 (/usr/local/texlive/2023/texmf-dist/tex/generic/pgf/modules/pgfmodulematrix.code.tex
File: pgfmodulematrix.code.tex 2023-01-15 v3.1.10 (3.1.10)
\pgfmatrixcurrentrow=\count346
\pgfmatrixcurrentcolumn=\count347
\pgf@matrix@numberofcolumns=\count348
)
\tikz@expandcount=\count349
 (/usr/local/texlive/2023/texmf-dist/tex/generic/pgf/frontendlayer/tikz/libraries/tikzlibrarytopaths.code.tex
File: tikzlibrarytopaths.code.tex 2023-01-15 v3.1.10 (3.1.10)
))) (/usr/local/texlive/2023/texmf-dist/tex/latex/lipsum/lipsum.sty (/usr/local/texlive/2023/texmf-dist/tex/latex/l3packages/l3keys2e/l3keys2e.sty (/usr/local/texlive/2023/texmf-dist/tex/latex/l3kernel/expl3.sty
Package: expl3 2023-02-22 L3 programming layer (loader) 
 (/usr/local/texlive/2023/texmf-dist/tex/latex/l3backend/l3backend-pdftex.def
File: l3backend-pdftex.def 2023-01-16 L3 backend support: PDF output (pdfTeX)
\l__color_backend_stack_int=\count350
\l__pdf_internal_box=\box82
))
Package: l3keys2e 2023-02-02 LaTeX2e option processing using LaTeX3 keys
)
Package: lipsum 2021-09-20 v2.7 150 paragraphs of Lorem Ipsum dummy text
\g__lipsum_par_int=\count351
\l__lipsum_a_int=\count352
\l__lipsum_b_int=\count353
 (/usr/local/texlive/2023/texmf-dist/tex/latex/lipsum/lipsum.ltd.tex)) (/usr/local/texlive/2023/texmf-dist/tex/generic/babel/babel.sty
Package: babel 2023/02/13 3.86 The Babel package
\babel@savecnt=\count354
\U@D=\dimen319
\l@unhyphenated=\language87
 (/usr/local/texlive/2023/texmf-dist/tex/generic/babel/txtbabel.def)
\bbl@readstream=\read3
LaTeX Info: Redefining \textlatin on input line 4088.
\bbl@dirlevel=\count355
 (/usr/local/texlive/2023/texmf-dist/tex/generic/babel-italian/italian.ldf
Language: italian 2022/03/27 v.1.4.07 Italian support for the babel system
\it@lettering=\count356
\it@doublequoteactive=\count357
\it@ISOcompliance=\count358
)) (/usr/local/texlive/2023/texmf-dist/tex/generic/babel/locale/it/babel-italian.tex
Package babel Info: Importing font and identification data for italian
(babel)             from babel-it.ini. Reported on input line 11.
) (/usr/local/texlive/2023/texmf-dist/tex/latex/base/inputenc.sty
Package: inputenc 2021/02/14 v1.3d Input encoding file
\inpenc@prehook=\toks48
\inpenc@posthook=\toks49
) (/usr/local/texlive/2023/texmf-dist/tex/latex/base/fontenc.sty
Package: fontenc 2021/04/29 v2.0v Standard LaTeX package
) (/usr/local/texlive/2023/texmf-dist/tex/latex/siunitx/siunitx.sty
Package: siunitx 2023-03-04 v3.2.2 A comprehensive (SI) units package
\l__siunitx_angle_tmp_dim=\dimen320
\l__siunitx_angle_marker_box=\box83
\l__siunitx_angle_unit_box=\box84
\l__siunitx_compound_count_int=\count359
 (/usr/local/texlive/2023/texmf-dist/tex/latex/translations/translations.sty
Package: translations 2022/02/05 v1.12 internationalization of LaTeX2e packages (CN)
)
\l__siunitx_number_exponent_fixed_int=\count360
\l__siunitx_number_min_decimal_int=\count361
\l__siunitx_number_min_integer_int=\count362
\l__siunitx_number_round_precision_int=\count363
\l__siunitx_number_lower_threshold_int=\count364
\l__siunitx_number_upper_threshold_int=\count365
\l__siunitx_number_group_first_int=\count366
\l__siunitx_number_group_size_int=\count367
\l__siunitx_number_group_minimum_int=\count368
\l__siunitx_table_tmp_box=\box85
\l__siunitx_table_tmp_dim=\dimen321
\l__siunitx_table_column_width_dim=\dimen322
\l__siunitx_table_integer_box=\box86
\l__siunitx_table_decimal_box=\box87
\l__siunitx_table_uncert_box=\box88
\l__siunitx_table_before_box=\box89
\l__siunitx_table_after_box=\box90
\l__siunitx_table_before_dim=\dimen323
\l__siunitx_table_carry_dim=\dimen324
\l__siunitx_unit_tmp_int=\count369
\l__siunitx_unit_position_int=\count370
\l__siunitx_unit_total_int=\count371
 (/usr/local/texlive/2023/texmf-dist/tex/latex/tools/array.sty
Package: array 2022/09/04 v2.5g Tabular extension package (FMi)
\col@sep=\dimen325
\ar@mcellbox=\box91
\extrarowheight=\dimen326
\NC@list=\toks50
\extratabsurround=\skip70
\backup@length=\skip71
\ar@cellbox=\box92
)) (/usr/local/texlive/2023/texmf-dist/tex/latex/textpos/textpos.sty
Package: textpos 2022/07/23 v1.10.1
Package textpos Info: choosing support for LaTeX3 on input line 60.
\TP@textbox=\box93
\TP@holdbox=\box94
\TPHorizModule=\dimen327
\TPVertModule=\dimen328
\TP@margin=\dimen329
\TP@absmargin=\dimen330

Grid set 16 x 16 = 22.7622pt x 17.07166pt
\TPboxrulesize=\dimen331
\TP@ox=\dimen332
\TP@oy=\dimen333
\TP@tbargs=\toks51
TextBlockOrigin set to 0pt x 0pt
) (/usr/local/texlive/2023/texmf-dist/tex/latex/oberdiek/pdfcolparallel.sty
Package: pdfcolparallel 2019/12/29 v1.5 Color stacks support for parallel (HO)
 (/usr/local/texlive/2023/texmf-dist/tex/latex/parallel/parallel.sty
Package: parallel 2003/04/13, setting two texts parallel (me)
 `parallel': setting two texts parallel, (beta 4) 2003/04/13.
\ParallelLWidth=\dimen334
\ParallelRWidth=\dimen335
\ParallelTextWidth=\dimen336
\ParallelLeftMargin=\dimen337
\ParallelUserMidSkip=\dimen338
\ParallelMainMidSkip=\dimen339
\ParallelLBox=\box95
\ParallelRBox=\box96
\ParallelBoxVar=\box97
\ParallelLTok=\box98
\ParallelRTok=\box99
\ParallelBoolVar=\count372
\ParallelBoolMid=\count373
\ParallelWhichBox=\count374
\ParallelMainMode=\count375
\ParallelFNMode=\count376
\ParallelLFNCounter=\count377
\ParallelRFNCounter=\count378
\ParallelMaxFN=\count379
\ParallelFNNumMode=\count380
) (/usr/local/texlive/2023/texmf-dist/tex/latex/pdfcol/pdfcol.sty
Package: pdfcol 2022-09-21 v1.7 Handle new color stacks for pdfTeX (HO)
)
Package pdfcol Info: New color stack `pcp@Left' = 1 on input line 311.
Package pdfcol Info: New color stack `pcp@Right' = 2 on input line 312.
\pcp@Box=\box100
) (/usr/local/texlive/2023/texmf-dist/tex/latex/tcolorbox/tcolorbox.sty
Package: tcolorbox 2023/02/12 version 6.0.1 text color boxes
 (/usr/local/texlive/2023/texmf-dist/tex/latex/tools/verbatim.sty
Package: verbatim 2022-07-02 v1.5u LaTeX2e package for verbatim enhancements
\every@verbatim=\toks52
\verbatim@line=\toks53
\verbatim@in@stream=\read4
) (/usr/local/texlive/2023/texmf-dist/tex/latex/environ/environ.sty
Package: environ 2014/05/04 v0.3 A new way to define environments
 (/usr/local/texlive/2023/texmf-dist/tex/latex/trimspaces/trimspaces.sty
Package: trimspaces 2009/09/17 v1.1 Trim spaces around a token list
))
\tcb@titlebox=\box101
\tcb@upperbox=\box102
\tcb@lowerbox=\box103
\tcb@phantombox=\box104
\c@tcbbreakpart=\count381
\c@tcblayer=\count382
\c@tcolorbox@number=\count383
\tcb@temp=\box105
\tcb@temp=\box106
\tcb@temp=\box107
\tcb@temp=\box108
 (/usr/local/texlive/2023/texmf-dist/tex/latex/tcolorbox/tcbraster.code.tex
Library (tcolorbox): 'tcbraster.code.tex' version '6.0.1'
\c@tcbrastercolumn=\count384
\c@tcbrasterrow=\count385
\c@tcbrasternum=\count386
\c@tcbraster=\count387
) (/usr/local/texlive/2023/texmf-dist/tex/latex/tcolorbox/tcbskins.code.tex
Library (tcolorbox): 'tcbskins.code.tex' version '6.0.1'
(/usr/local/texlive/2023/texmf-dist/tex/latex/tikzfill/tikzfill.image.sty
Package: tikzfill.image 2022/07/20 v1.0.0 Image filling library for TikZ
 (/usr/local/texlive/2023/texmf-dist/tex/latex/tikzfill/tikzfill-common.sty
Package: tikzfill-common 2022/07/20 v1.0.0 Auxiliary code for tikzfill
) (/usr/local/texlive/2023/texmf-dist/tex/latex/tikzfill/tikzlibraryfill.image.code.tex
File: tikzlibraryfill.image.code.tex 2022/07/20 v1.0.0 Image filling library
\l__tikzfill_img_box=\box109
)) (/usr/local/texlive/2023/texmf-dist/tex/latex/tcolorbox/tcbskinsjigsaw.code.tex
Library (tcolorbox): 'tcbskinsjigsaw.code.tex' version '6.0.1'
)) (/usr/local/texlive/2023/texmf-dist/tex/latex/tcolorbox/tcbbreakable.code.tex
Library (tcolorbox): 'tcbbreakable.code.tex' version '6.0.1'
Package pdfcol Info: New color stack `tcb@breakable' = 3 on input line 23.
\tcb@testbox=\box110
\tcb@totalupperbox=\box111
\tcb@totallowerbox=\box112
) (/usr/local/texlive/2023/texmf-dist/tex/latex/tcolorbox/tcbhooks.code.tex
Library (tcolorbox): 'tcbhooks.code.tex' version '6.0.1'
) (/usr/local/texlive/2023/texmf-dist/tex/latex/tcolorbox/tcbtheorems.code.tex
Library (tcolorbox): 'tcbtheorems.code.tex' version '6.0.1'
) (/usr/local/texlive/2023/texmf-dist/tex/latex/tcolorbox/tcbfitting.code.tex
Library (tcolorbox): 'tcbfitting.code.tex' version '6.0.1'
\tcbfitdim=\dimen340
\tcb@lowerfitdim=\dimen341
\tcb@upperfitdim=\dimen342
\tcb@cur@hbadness=\count388
) (/usr/local/texlive/2023/texmf-dist/tex/latex/tcolorbox/tcblistingsutf8.code.tex
Library (tcolorbox): 'tcblistingsutf8.code.tex' version '6.0.1'
(/usr/local/texlive/2023/texmf-dist/tex/latex/tcolorbox/tcblistings.code.tex
Library (tcolorbox): 'tcblistings.code.tex' version '6.0.1'
(/usr/local/texlive/2023/texmf-dist/tex/latex/listings/listings.sty
\lst@mode=\count389
\lst@gtempboxa=\box113
\lst@token=\toks54
\lst@length=\count390
\lst@currlwidth=\dimen343
\lst@column=\count391
\lst@pos=\count392
\lst@lostspace=\dimen344
\lst@width=\dimen345
\lst@newlines=\count393
\lst@lineno=\count394
\lst@maxwidth=\dimen346
 (/usr/local/texlive/2023/texmf-dist/tex/latex/listings/lstmisc.sty
File: lstmisc.sty 2023/02/27 1.9 (Carsten Heinz)
\c@lstnumber=\count395
\lst@skipnumbers=\count396
\lst@framebox=\box114
) (/usr/local/texlive/2023/texmf-dist/tex/latex/listings/listings.cfg
File: listings.cfg 2023/02/27 1.9 listings configuration
))
Package: listings 2023/02/27 1.9 (Carsten Heinz)
 (/usr/local/texlive/2023/texmf-dist/tex/latex/tcolorbox/tcblistingscore.code.tex
Library (tcolorbox): 'tcblistingscore.code.tex' version '6.0.1'
(/usr/local/texlive/2023/texmf-dist/tex/latex/tcolorbox/tcbprocessing.code.tex
Library (tcolorbox): 'tcbprocessing.code.tex' version '6.0.1'
(/usr/local/texlive/2023/texmf-dist/tex/latex/tools/shellesc.sty
Package: shellesc 2019/11/08 v1.0c unified shell escape interface for LaTeX
Package shellesc Info: Restricted shell escape enabled on input line 77.
))
\c@tcblisting=\count397
)) (/usr/local/texlive/2023/texmf-dist/tex/latex/listingsutf8/listingsutf8.sty
Package: listingsutf8 2019-12-10 v1.5 Allow UTF-8 in listings input (HO)
 (/usr/local/texlive/2023/texmf-dist/tex/generic/stringenc/stringenc.sty
Package: stringenc 2019/11/29 v1.12 Convert strings between diff. encodings (HO)
))) (/usr/local/texlive/2023/texmf-dist/tex/latex/tcolorbox/tcbexternal.code.tex
Library (tcolorbox): 'tcbexternal.code.tex' version '6.0.1'
) (/usr/local/texlive/2023/texmf-dist/tex/latex/tcolorbox/tcbmagazine.code.tex
Library (tcolorbox): 'tcbmagazine.code.tex' version '6.0.1'
) (/usr/local/texlive/2023/texmf-dist/tex/latex/tcolorbox/tcbvignette.code.tex
Library (tcolorbox): 'tcbvignette.code.tex' version '6.0.1'
(/usr/local/texlive/2023/texmf-dist/tex/generic/pgf/frontendlayer/tikz/libraries/tikzlibraryfadings.code.tex
File: tikzlibraryfadings.code.tex 2023-01-15 v3.1.10 (3.1.10)
 (/usr/local/texlive/2023/texmf-dist/tex/generic/pgf/libraries/pgflibraryfadings.code.tex
File: pgflibraryfadings.code.tex 2023-01-15 v3.1.10 (3.1.10)
))) (/usr/local/texlive/2023/texmf-dist/tex/latex/tcolorbox/tcbposter.code.tex
Library (tcolorbox): 'tcbposter.code.tex' version '6.0.1'
)) (/usr/local/texlive/2023/texmf-dist/tex/latex/physics/physics.sty
Package: physics 
 (/usr/local/texlive/2023/texmf-dist/tex/latex/l3packages/xparse/xparse.sty
Package: xparse 2023-02-02 L3 Experimental document command parser
)) (/usr/local/texlive/2023/texmf-dist/tex/generic/pgf/frontendlayer/tikz/libraries/tikzlibrarydecorations.pathreplacing.code.tex (/usr/local/texlive/2023/texmf-dist/tex/generic/pgf/frontendlayer/tikz/libraries/tikzlibrarydecorations.code.tex (/usr/local/texlive/2023/texmf-dist/tex/generic/pgf/modules/pgfmoduledecorations.code.tex
\pgfdecoratedcompleteddistance=\dimen347
\pgfdecoratedremainingdistance=\dimen348
\pgfdecoratedinputsegmentcompleteddistance=\dimen349
\pgfdecoratedinputsegmentremainingdistance=\dimen350
\pgf@decorate@distancetomove=\dimen351
\pgf@decorate@repeatstate=\count398
\pgfdecorationsegmentamplitude=\dimen352
\pgfdecorationsegmentlength=\dimen353
)
\tikz@lib@dec@box=\box115
) (/usr/local/texlive/2023/texmf-dist/tex/generic/pgf/libraries/decorations/pgflibrarydecorations.pathreplacing.code.tex)) (/usr/local/texlive/2023/texmf-dist/tex/latex/beamer/beamerthemeWarsaw.sty (/usr/local/texlive/2023/texmf-dist/tex/latex/beamer/beamerinnerthemerounded.sty) (/usr/local/texlive/2023/texmf-dist/tex/latex/beamer/beamerouterthemeshadow.sty (/usr/local/texlive/2023/texmf-dist/tex/latex/beamer/beamerouterthemesplit.sty)) (/usr/local/texlive/2023/texmf-dist/tex/latex/beamer/beamercolorthemeorchid.sty) (/usr/local/texlive/2023/texmf-dist/tex/latex/beamer/beamercolorthemewhale.sty)) (/usr/local/texlive/2023/texmf-dist/tex/latex/beamer/beamercolorthemestructure.sty) (/usr/local/texlive/2023/texmf-dist/tex/latex/beamer/beamerfontthemeserif.sty) (./01beamer.aux (./Sezioni/finite-element-method.aux) (./Sezioni/classical-wave-equation.aux) (./Sezioni/schrodinger-equation.aux))
\openout1 = `01beamer.aux'.

LaTeX Font Info:    Checking defaults for OML/cmm/m/it on input line 131.
LaTeX Font Info:    ... okay on input line 131.
LaTeX Font Info:    Checking defaults for OMS/cmsy/m/n on input line 131.
LaTeX Font Info:    ... okay on input line 131.
LaTeX Font Info:    Checking defaults for OT1/cmr/m/n on input line 131.
LaTeX Font Info:    ... okay on input line 131.
LaTeX Font Info:    Checking defaults for T1/cmr/m/n on input line 131.
LaTeX Font Info:    ... okay on input line 131.
LaTeX Font Info:    Checking defaults for TS1/cmr/m/n on input line 131.
LaTeX Font Info:    ... okay on input line 131.
LaTeX Font Info:    Checking defaults for OMX/cmex/m/n on input line 131.
LaTeX Font Info:    ... okay on input line 131.
LaTeX Font Info:    Checking defaults for U/cmr/m/n on input line 131.
LaTeX Font Info:    ... okay on input line 131.
LaTeX Font Info:    Checking defaults for PD1/pdf/m/n on input line 131.
LaTeX Font Info:    ... okay on input line 131.
LaTeX Font Info:    Checking defaults for PU/pdf/m/n on input line 131.
LaTeX Font Info:    ... okay on input line 131.

*geometry* driver: auto-detecting
*geometry* detected driver: pdftex
*geometry* verbose mode - [ preamble ] result:
* driver: pdftex
* paper: custom
* layout: <same size as paper>
* layoutoffset:(h,v)=(0.0pt,0.0pt)
* modes: includehead includefoot 
* h-part:(L,W,R)=(28.45274pt, 307.28987pt, 28.45274pt)
* v-part:(T,H,B)=(0.0pt, 273.14662pt, 0.0pt)
* \paperwidth=364.19536pt
* \paperheight=273.14662pt
* \textwidth=307.28987pt
* \textheight=244.6939pt
* \oddsidemargin=-43.81725pt
* \evensidemargin=-43.81725pt
* \topmargin=-72.26999pt
* \headheight=14.22636pt
* \headsep=0.0pt
* \topskip=10.0pt
* \footskip=14.22636pt
* \marginparwidth=3.0pt
* \marginparsep=11.0pt
* \columnsep=10.0pt
* \skip\footins=9.0pt plus 4.0pt minus 2.0pt
* \hoffset=0.0pt
* \voffset=0.0pt
* \mag=1000
* \@twocolumnfalse
* \@twosidefalse
* \@mparswitchfalse
* \@reversemarginfalse
* (1in=72.27pt=25.4mm, 1cm=28.453pt)

(/usr/local/texlive/2023/texmf-dist/tex/context/base/mkii/supp-pdf.mkii
[Loading MPS to PDF converter (version 2006.09.02).]
\scratchcounter=\count399
\scratchdimen=\dimen354
\scratchbox=\box116
\nofMPsegments=\count400
\nofMParguments=\count401
\everyMPshowfont=\toks55
\MPscratchCnt=\count402
\MPscratchDim=\dimen355
\MPnumerator=\count403
\makeMPintoPDFobject=\count404
\everyMPtoPDFconversion=\toks56
) (/usr/local/texlive/2023/texmf-dist/tex/latex/epstopdf-pkg/epstopdf-base.sty
Package: epstopdf-base 2020-01-24 v2.11 Base part for package epstopdf
Package epstopdf-base Info: Redefining graphics rule for `.eps' on input line 485.
 (/usr/local/texlive/2023/texmf-dist/tex/latex/latexconfig/epstopdf-sys.cfg
File: epstopdf-sys.cfg 2010/07/13 v1.3 Configuration of (r)epstopdf for TeX Live
))
Package hyperref Info: Link coloring OFF on input line 131.
 (/usr/local/texlive/2023/texmf-dist/tex/latex/translator/translator-basic-dictionary-English.dict
Dictionary: translator-basic-dictionary, Language: English 
) (/usr/local/texlive/2023/texmf-dist/tex/latex/translator/translator-bibliography-dictionary-English.dict
Dictionary: translator-bibliography-dictionary, Language: English 
) (/usr/local/texlive/2023/texmf-dist/tex/latex/translator/translator-environment-dictionary-English.dict
Dictionary: translator-environment-dictionary, Language: English 
) (/usr/local/texlive/2023/texmf-dist/tex/latex/translator/translator-months-dictionary-English.dict
Dictionary: translator-months-dictionary, Language: English 
) (/usr/local/texlive/2023/texmf-dist/tex/latex/translator/translator-numbers-dictionary-English.dict
Dictionary: translator-numbers-dictionary, Language: English 
) (/usr/local/texlive/2023/texmf-dist/tex/latex/translator/translator-theorem-dictionary-English.dict
Dictionary: translator-theorem-dictionary, Language: English 
)
Package caption Info: Begin \AtBeginDocument code.
Package caption Info: listings package is loaded.
Package caption Info: End \AtBeginDocument code.
LaTeX Info: Redefining \it@ocap on input line 131.
LaTeX Info: Redefining \it@ccap on input line 131.


Package siunitx Warning: Detected the "physics" package:
(siunitx)                omitting definition of \qty.
(siunitx)                
(siunitx)                If you want to use \qty with the siunitx definition,
(siunitx)                add 
(siunitx)                
(siunitx)                    \AtBeginDocument{\RenewCommandCopy\qty\SI}
(siunitx)                
(siunitx)                to your preamble.

Package translations Info: no dictionary file `translations-basic-dictionary-italian.trsl' found. on input line 131.
\c@lstlisting=\count405
(./01beamer.nav)
<logo-unipd.png, id=70, 2309.62875pt x 1043.9pt>
File: logo-unipd.png Graphic file (type png)
<use logo-unipd.png>
Package pdftex.def Info: logo-unipd.png  used on input line 135.
(pdftex.def)             Requested size: 96.73918pt x 43.7081pt.
LaTeX Font Info:    Trying to load font information for U+msa on input line 135.
 (/usr/local/texlive/2023/texmf-dist/tex/latex/amsfonts/umsa.fd
File: umsa.fd 2013/01/14 v3.01 AMS symbols A
)
LaTeX Font Info:    Trying to load font information for U+msb on input line 135.
 (/usr/local/texlive/2023/texmf-dist/tex/latex/amsfonts/umsb.fd
File: umsb.fd 2013/01/14 v3.01 AMS symbols B
)
<logo-dfa.png, id=71, 321.1197pt x 113.7048pt>
File: logo-dfa.png Graphic file (type png)
<use logo-dfa.png>
Package pdftex.def Info: logo-dfa.png  used on input line 135.
(pdftex.def)             Requested size: 119.50148pt x 42.313pt.
 [1

{/usr/local/texlive/2023/texmf-var/fonts/map/pdftex/updmap/pdftex.map}{/usr/local/texlive/2023/texmf-dist/fonts/enc/dvips/cm-super/cm-super-t1.enc} <./logo-unipd.png> <./logo-dfa.png>]
\openout2 = `Sezioni/finite-element-method.aux'.

 (./Sezioni/finite-element-method.tex (./Figure/numerical-methods-scheme.tex) [2


] (./Figure/numerical-methods-scheme.tex) [3

] (./Figure/second-order-operator.tex) [4

] (./Figure/second-order-operator.tex) [5

] [6

] [7

] [8

] [9

] [10

] [11

] (./Tabelle/benefits-of-weak-formulation.tex) [12

] (./Tabelle/benefits-of-weak-formulation.tex) [13

] (./Figure/boundary-conditions-strong-formulation.tex) (./Figure/boundary-conditions-weak-formulation.tex
Overfull \hbox (1.8411pt too wide) in paragraph at lines 27--28
 [] 
 []

) [14

] (./Figure/boundary-conditions-strong-formulation.tex) (./Figure/boundary-conditions-weak-formulation.tex
Overfull \hbox (1.8411pt too wide) in paragraph at lines 27--28
 [] 
 []

) [15

] (./Figure/boundary-conditions-strong-formulation.tex) (./Figure/boundary-conditions-weak-formulation.tex
Overfull \hbox (1.8411pt too wide) in paragraph at lines 27--28
 [] 
 []

) [16

] [17

] [18

] [19

] [20

] [21

]
<Immagini/mesh-example.jpeg, id=713, 1003.75pt x 464.73625pt>
File: Immagini/mesh-example.jpeg Graphic file (type jpg)
<use Immagini/mesh-example.jpeg>
Package pdftex.def Info: Immagini/mesh-example.jpeg  used on input line 206.
(pdftex.def)             Requested size: 208.95485pt x 96.74654pt.
 [22

 <./Immagini/mesh-example.jpeg>]
File: Immagini/mesh-example.jpeg Graphic file (type jpg)
<use Immagini/mesh-example.jpeg>
Package pdftex.def Info: Immagini/mesh-example.jpeg  used on input line 206.
(pdftex.def)             Requested size: 208.95485pt x 96.74654pt.
 [23

] (./Figure/elements.tex
<Immagini/element-1D.png, id=771, 612.2875pt x 164.11313pt>
File: Immagini/element-1D.png Graphic file (type png)
<use Immagini/element-1D.png>
Package pdftex.def Info: Immagini/element-1D.png  used on input line 15.
(pdftex.def)             Requested size: 66.9899pt x 17.95483pt.
<Immagini/elements-2D.png, id=773, 947.54pt x 427.5975pt>
File: Immagini/elements-2D.png Graphic file (type png)
<use Immagini/elements-2D.png>
Package pdftex.def Info: Immagini/elements-2D.png  used on input line 16.
(pdftex.def)             Requested size: 61.45703pt x 27.72955pt.
<Immagini/elements-3D.png, id=774, 1178.90437pt x 482.80376pt>
File: Immagini/elements-3D.png Graphic file (type png)
<use Immagini/elements-3D.png>
Package pdftex.def Info: Immagini/elements-3D.png  used on input line 17.
(pdftex.def)             Requested size: 67.60414pt x 27.68512pt.
<Immagini/frame-elements.png, id=775, 265.49188pt x 644.4075pt>
File: Immagini/frame-elements.png Graphic file (type png)
<use Immagini/frame-elements.png>
Package pdftex.def Info: Immagini/frame-elements.png  used on input line 25.
(pdftex.def)             Requested size: 43.02039pt x 104.41507pt.
<Immagini/triangular elements.png, id=776, 182.18062pt x 634.37pt>
File: Immagini/triangular elements.png Graphic file (type png)
<use Immagini/triangular elements.png>
Package pdftex.def Info: Immagini/triangular elements.png  used on input line 25.
(pdftex.def)             Requested size: 30.73085pt x 106.99933pt.
<Immagini/brick-elements.png, id=777, 340.77313pt x 628.3475pt>
File: Immagini/brick-elements.png Graphic file (type png)
<use Immagini/brick-elements.png>
Package pdftex.def Info: Immagini/brick-elements.png  used on input line 25.
(pdftex.def)             Requested size: 64.53293pt x 118.98457pt.
) [24

 <./Immagini/element-1D.png> <./Immagini/elements-2D.png> <./Immagini/elements-3D.png> <./Immagini/frame-elements.png> <./Immagini/triangular elements.png> <./Immagini/brick-elements.png>] (./Figure/elements.tex
File: Immagini/element-1D.png Graphic file (type png)
<use Immagini/element-1D.png>
Package pdftex.def Info: Immagini/element-1D.png  used on input line 15.
(pdftex.def)             Requested size: 66.9899pt x 17.95483pt.
File: Immagini/elements-2D.png Graphic file (type png)
<use Immagini/elements-2D.png>
Package pdftex.def Info: Immagini/elements-2D.png  used on input line 16.
(pdftex.def)             Requested size: 61.45703pt x 27.72955pt.
File: Immagini/elements-3D.png Graphic file (type png)
<use Immagini/elements-3D.png>
Package pdftex.def Info: Immagini/elements-3D.png  used on input line 17.
(pdftex.def)             Requested size: 67.60414pt x 27.68512pt.
File: Immagini/frame-elements.png Graphic file (type png)
<use Immagini/frame-elements.png>
Package pdftex.def Info: Immagini/frame-elements.png  used on input line 25.
(pdftex.def)             Requested size: 43.02039pt x 104.41507pt.
File: Immagini/triangular elements.png Graphic file (type png)
<use Immagini/triangular elements.png>
Package pdftex.def Info: Immagini/triangular elements.png  used on input line 25.
(pdftex.def)             Requested size: 30.73085pt x 106.99933pt.
File: Immagini/brick-elements.png Graphic file (type png)
<use Immagini/brick-elements.png>
Package pdftex.def Info: Immagini/brick-elements.png  used on input line 25.
(pdftex.def)             Requested size: 64.53293pt x 118.98457pt.
) [25

] (./Figure/elements.tex
File: Immagini/element-1D.png Graphic file (type png)
<use Immagini/element-1D.png>
Package pdftex.def Info: Immagini/element-1D.png  used on input line 15.
(pdftex.def)             Requested size: 66.9899pt x 17.95483pt.
File: Immagini/elements-2D.png Graphic file (type png)
<use Immagini/elements-2D.png>
Package pdftex.def Info: Immagini/elements-2D.png  used on input line 16.
(pdftex.def)             Requested size: 61.45703pt x 27.72955pt.
File: Immagini/elements-3D.png Graphic file (type png)
<use Immagini/elements-3D.png>
Package pdftex.def Info: Immagini/elements-3D.png  used on input line 17.
(pdftex.def)             Requested size: 67.60414pt x 27.68512pt.
File: Immagini/frame-elements.png Graphic file (type png)
<use Immagini/frame-elements.png>
Package pdftex.def Info: Immagini/frame-elements.png  used on input line 25.
(pdftex.def)             Requested size: 43.02039pt x 104.41507pt.
File: Immagini/triangular elements.png Graphic file (type png)
<use Immagini/triangular elements.png>
Package pdftex.def Info: Immagini/triangular elements.png  used on input line 25.
(pdftex.def)             Requested size: 30.73085pt x 106.99933pt.
File: Immagini/brick-elements.png Graphic file (type png)
<use Immagini/brick-elements.png>
Package pdftex.def Info: Immagini/brick-elements.png  used on input line 25.
(pdftex.def)             Requested size: 64.53293pt x 118.98457pt.
) [26

]
<Immagini/mesh-application-1.jpeg, id=870, 1003.75pt x 608.2725pt>
File: Immagini/mesh-application-1.jpeg Graphic file (type jpg)
<use Immagini/mesh-application-1.jpeg>
Package pdftex.def Info: Immagini/mesh-application-1.jpeg  used on input line 244.
(pdftex.def)             Requested size: 153.64493pt x 93.10251pt.
LaTeX Font Info:    Trying to load font information for T1+cmtt on input line 244.
 (/usr/local/texlive/2023/texmf-dist/tex/latex/base/t1cmtt.fd
File: t1cmtt.fd 2022/07/10 v2.5l Standard LaTeX font definitions
)
Underfull \hbox (badness 10000) in paragraph at lines 244--244
[]\T1/cmtt/m/n/5 Image from COMSOL Multiplysics Cyclopedia, ``Finite
 []


Underfull \hbox (badness 10000) in paragraph at lines 244--244
[]\T1/cmtt/m/n/5 Image from COMSOL Multiplysics Blog, ``Meshing
 []


Underfull \hbox (badness 10000) in paragraph at lines 244--244
\T1/cmtt/m/n/5 Your Geometry: When to Use the Various Element
 []

<Immagini/mesh-application-2.png, id=871, 1432.60219pt x 756.57657pt>
File: Immagini/mesh-application-2.png Graphic file (type png)
<use Immagini/mesh-application-2.png>
Package pdftex.def Info: Immagini/mesh-application-2.png  used on input line 244.
(pdftex.def)             Requested size: 153.64493pt x 81.13414pt.
[27

 <./Immagini/mesh-application-1.jpeg> <./Immagini/mesh-application-2.png>] (./Figure/choise-of-the-base.tex
<Immagini/local-basis-functions.png, id=902, 586.8324pt x 442.2924pt>
File: Immagini/local-basis-functions.png Graphic file (type png)
<use Immagini/local-basis-functions.png>
Package pdftex.def Info: Immagini/local-basis-functions.png  used on input line 29.
(pdftex.def)             Requested size: 138.2795pt x 104.21542pt.
) [28

 <./Immagini/local-basis-functions.png>] (./Figure/choise-of-the-base.tex
File: Immagini/local-basis-functions.png Graphic file (type png)
<use Immagini/local-basis-functions.png>
Package pdftex.def Info: Immagini/local-basis-functions.png  used on input line 29.
(pdftex.def)             Requested size: 138.2795pt x 104.21542pt.
) [29

] (./Figure/choise-of-the-base.tex
File: Immagini/local-basis-functions.png Graphic file (type png)
<use Immagini/local-basis-functions.png>
Package pdftex.def Info: Immagini/local-basis-functions.png  used on input line 29.
(pdftex.def)             Requested size: 138.2795pt x 104.21542pt.
) [30

] (./Figure/choise-of-the-base.tex
File: Immagini/local-basis-functions.png Graphic file (type png)
<use Immagini/local-basis-functions.png>
Package pdftex.def Info: Immagini/local-basis-functions.png  used on input line 29.
(pdftex.def)             Requested size: 138.2795pt x 104.21542pt.
) [31

]
<Immagini/fenics-logo.png, id=1018, 948.1824pt x 331.2375pt>
File: Immagini/fenics-logo.png Graphic file (type png)
<use Immagini/fenics-logo.png>
Package pdftex.def Info: Immagini/fenics-logo.png  used on input line 292.
(pdftex.def)             Requested size: 175.15747pt x 61.187pt.
 [32

 <./Immagini/fenics-logo.png>]
File: Immagini/fenics-logo.png Graphic file (type png)
<use Immagini/fenics-logo.png>
Package pdftex.def Info: Immagini/fenics-logo.png  used on input line 292.
(pdftex.def)             Requested size: 175.15747pt x 61.187pt.
 [33

]
File: Immagini/fenics-logo.png Graphic file (type png)
<use Immagini/fenics-logo.png>
Package pdftex.def Info: Immagini/fenics-logo.png  used on input line 292.
(pdftex.def)             Requested size: 175.15747pt x 61.187pt.
 [34

] [35

] [36

])
\openout2 = `Sezioni/classical-wave-equation.aux'.

 (./Sezioni/classical-wave-equation.tex (./Figure/classical-wave-equation-separable.tex) [37




] (./Figure/classical-wave-equation-separable.tex) [38

] [39

] [40

] [41

] [42

] [43

] [44

] [45

]
<Immagini/plot-dirichlet-analytical.png, id=1422, 891.0891pt x 393.8715pt>
File: Immagini/plot-dirichlet-analytical.png Graphic file (type png)
<use Immagini/plot-dirichlet-analytical.png>
Package pdftex.def Info: Immagini/plot-dirichlet-analytical.png  used on input line 132.
(pdftex.def)             Requested size: 245.83282pt x 108.66057pt.
 [46

 <./Immagini/plot-dirichlet-analytical.png>]
<Immagini/plot-neumann-analytical.png, id=1453, 891.0891pt x 393.8715pt>
File: Immagini/plot-neumann-analytical.png Graphic file (type png)
<use Immagini/plot-neumann-analytical.png>
Package pdftex.def Info: Immagini/plot-neumann-analytical.png  used on input line 132.
(pdftex.def)             Requested size: 245.83282pt x 108.66057pt.
 [47

 <./Immagini/plot-neumann-analytical.png>]
<Immagini/plot-dirichlet-approximated.png, id=1482, 611.4042pt x 393.8715pt>
File: Immagini/plot-dirichlet-approximated.png Graphic file (type png)
<use Immagini/plot-dirichlet-approximated.png>
Package pdftex.def Info: Immagini/plot-dirichlet-approximated.png  used on input line 184.
(pdftex.def)             Requested size: 150.57372pt x 97.00119pt.
<Immagini/plot-neumann-approximated.png, id=1483, 611.4042pt x 393.8715pt>
File: Immagini/plot-neumann-approximated.png Graphic file (type png)
<use Immagini/plot-neumann-approximated.png>
Package pdftex.def Info: Immagini/plot-neumann-approximated.png  used on input line 184.
(pdftex.def)             Requested size: 150.57372pt x 97.00119pt.
 [48

 <./Immagini/plot-dirichlet-approximated.png> <./Immagini/plot-neumann-approximated.png>]
File: Immagini/plot-dirichlet-approximated.png Graphic file (type png)
<use Immagini/plot-dirichlet-approximated.png>
Package pdftex.def Info: Immagini/plot-dirichlet-approximated.png  used on input line 184.
(pdftex.def)             Requested size: 150.57372pt x 97.00119pt.
File: Immagini/plot-neumann-approximated.png Graphic file (type png)
<use Immagini/plot-neumann-approximated.png>
Package pdftex.def Info: Immagini/plot-neumann-approximated.png  used on input line 184.
(pdftex.def)             Requested size: 150.57372pt x 97.00119pt.
 [49

]
<Immagini/plot-energy-decay-cfl-0.05.png, id=1545, 619.3539pt x 393.8715pt>
File: Immagini/plot-energy-decay-cfl-0.05.png Graphic file (type png)
<use Immagini/plot-energy-decay-cfl-0.05.png>
Package pdftex.def Info: Immagini/plot-energy-decay-cfl-0.05.png  used on input line 251.
(pdftex.def)             Requested size: 98.335pt x 62.5339pt.
<Immagini/plot-energy-decay-cfl-0.25.png, id=1546, 619.3539pt x 393.8715pt>
File: Immagini/plot-energy-decay-cfl-0.25.png Graphic file (type png)
<use Immagini/plot-energy-decay-cfl-0.25.png>
Package pdftex.def Info: Immagini/plot-energy-decay-cfl-0.25.png  used on input line 251.
(pdftex.def)             Requested size: 98.335pt x 62.5339pt.
<Immagini/plot-energy-decay-cfl-0.50.png, id=1547, 619.3539pt x 393.8715pt>
File: Immagini/plot-energy-decay-cfl-0.50.png Graphic file (type png)
<use Immagini/plot-energy-decay-cfl-0.50.png>
Package pdftex.def Info: Immagini/plot-energy-decay-cfl-0.50.png  used on input line 251.
(pdftex.def)             Requested size: 98.335pt x 62.5339pt.
 [50

 <./Immagini/plot-energy-decay-cfl-0.05.png> <./Immagini/plot-energy-decay-cfl-0.25.png> <./Immagini/plot-energy-decay-cfl-0.50.png>]
File: Immagini/plot-energy-decay-cfl-0.05.png Graphic file (type png)
<use Immagini/plot-energy-decay-cfl-0.05.png>
Package pdftex.def Info: Immagini/plot-energy-decay-cfl-0.05.png  used on input line 251.
(pdftex.def)             Requested size: 98.335pt x 62.5339pt.
File: Immagini/plot-energy-decay-cfl-0.25.png Graphic file (type png)
<use Immagini/plot-energy-decay-cfl-0.25.png>
Package pdftex.def Info: Immagini/plot-energy-decay-cfl-0.25.png  used on input line 251.
(pdftex.def)             Requested size: 98.335pt x 62.5339pt.
File: Immagini/plot-energy-decay-cfl-0.50.png Graphic file (type png)
<use Immagini/plot-energy-decay-cfl-0.50.png>
Package pdftex.def Info: Immagini/plot-energy-decay-cfl-0.50.png  used on input line 251.
(pdftex.def)             Requested size: 98.335pt x 62.5339pt.
 [51

]
File: Immagini/plot-energy-decay-cfl-0.05.png Graphic file (type png)
<use Immagini/plot-energy-decay-cfl-0.05.png>
Package pdftex.def Info: Immagini/plot-energy-decay-cfl-0.05.png  used on input line 251.
(pdftex.def)             Requested size: 98.335pt x 62.5339pt.
File: Immagini/plot-energy-decay-cfl-0.25.png Graphic file (type png)
<use Immagini/plot-energy-decay-cfl-0.25.png>
Package pdftex.def Info: Immagini/plot-energy-decay-cfl-0.25.png  used on input line 251.
(pdftex.def)             Requested size: 98.335pt x 62.5339pt.
File: Immagini/plot-energy-decay-cfl-0.50.png Graphic file (type png)
<use Immagini/plot-energy-decay-cfl-0.50.png>
Package pdftex.def Info: Immagini/plot-energy-decay-cfl-0.50.png  used on input line 251.
(pdftex.def)             Requested size: 98.335pt x 62.5339pt.
 [52

] [53

] [54

] [55

]
<Immagini/plot-dirichlet-piecewise-c1<c2.png, id=1726, 609.9588pt x 393.8715pt>
File: Immagini/plot-dirichlet-piecewise-c1<c2.png Graphic file (type png)
<use Immagini/plot-dirichlet-piecewise-c1<c2.png>
Package pdftex.def Info: Immagini/plot-dirichlet-piecewise-c1<c2.png  used on input line 359.
(pdftex.def)             Requested size: 150.57372pt x 97.22957pt.
<Immagini/plot-neumann-piecewise-c1<c2.png, id=1727, 609.9588pt x 393.8715pt>
File: Immagini/plot-neumann-piecewise-c1<c2.png Graphic file (type png)
<use Immagini/plot-neumann-piecewise-c1<c2.png>
Package pdftex.def Info: Immagini/plot-neumann-piecewise-c1<c2.png  used on input line 359.
(pdftex.def)             Requested size: 150.57372pt x 97.22957pt.
 [56

 <./Immagini/plot-dirichlet-piecewise-c1<c2.png> <./Immagini/plot-neumann-piecewise-c1<c2.png>]
<Immagini/plot-dirichlet-piecewise-c1>c2.png, id=1762, 609.9588pt x 393.8715pt>
File: Immagini/plot-dirichlet-piecewise-c1>c2.png Graphic file (type png)
<use Immagini/plot-dirichlet-piecewise-c1>c2.png>
Package pdftex.def Info: Immagini/plot-dirichlet-piecewise-c1>c2.png  used on input line 359.
(pdftex.def)             Requested size: 150.57372pt x 97.22957pt.
<Immagini/plot-neumann-piecewise-c1>c2.png, id=1763, 602.0091pt x 393.8715pt>
File: Immagini/plot-neumann-piecewise-c1>c2.png Graphic file (type png)
<use Immagini/plot-neumann-piecewise-c1>c2.png>
Package pdftex.def Info: Immagini/plot-neumann-piecewise-c1>c2.png  used on input line 359.
(pdftex.def)             Requested size: 150.57372pt x 98.5157pt.
 [57

 <./Immagini/plot-dirichlet-piecewise-c1>c2.png> <./Immagini/plot-neumann-piecewise-c1>c2.png>]
<Immagini/plot-difference-coefficients-c1<c2.png, id=1793, 715.473pt x 393.8715pt>
File: Immagini/plot-difference-coefficients-c1<c2.png Graphic file (type png)
<use Immagini/plot-difference-coefficients-c1<c2.png>
Package pdftex.def Info: Immagini/plot-difference-coefficients-c1<c2.png  used on input line 417.
(pdftex.def)             Requested size: 150.57372pt x 82.88974pt.
<Immagini/plot-difference-coefficients-c1>c2.png, id=1794, 715.473pt x 396.7623pt>
File: Immagini/plot-difference-coefficients-c1>c2.png Graphic file (type png)
<use Immagini/plot-difference-coefficients-c1>c2.png>
Package pdftex.def Info: Immagini/plot-difference-coefficients-c1>c2.png  used on input line 417.
(pdftex.def)             Requested size: 150.57372pt x 83.49811pt.
 [58

 <./Immagini/plot-difference-coefficients-c1<c2.png> <./Immagini/plot-difference-coefficients-c1>c2.png>]
File: Immagini/plot-difference-coefficients-c1<c2.png Graphic file (type png)
<use Immagini/plot-difference-coefficients-c1<c2.png>
Package pdftex.def Info: Immagini/plot-difference-coefficients-c1<c2.png  used on input line 417.
(pdftex.def)             Requested size: 150.57372pt x 82.88974pt.
File: Immagini/plot-difference-coefficients-c1>c2.png Graphic file (type png)
<use Immagini/plot-difference-coefficients-c1>c2.png>
Package pdftex.def Info: Immagini/plot-difference-coefficients-c1>c2.png  used on input line 417.
(pdftex.def)             Requested size: 150.57372pt x 83.49811pt.
 [59

]
<Immagini/plot-energy-c1=1-c2=3.png, id=1854, 619.3539pt x 393.8715pt>
File: Immagini/plot-energy-c1=1-c2=3.png Graphic file (type png)
<use Immagini/plot-energy-c1=1-c2=3.png>
Package pdftex.def Info: Immagini/plot-energy-c1=1-c2=3.png  used on input line 491.
(pdftex.def)             Requested size: 150.57372pt x 95.75111pt.
<Immagini/plot-energy-c1=3-c2=1.png, id=1855, 612.8496pt x 393.8715pt>
File: Immagini/plot-energy-c1=3-c2=1.png Graphic file (type png)
<use Immagini/plot-energy-c1=3-c2=1.png>
Package pdftex.def Info: Immagini/plot-energy-c1=3-c2=1.png  used on input line 491.
(pdftex.def)             Requested size: 150.57372pt x 96.7668pt.
 [60

 <./Immagini/plot-energy-c1=1-c2=3.png> <./Immagini/plot-energy-c1=3-c2=1.png>]
<Immagini/plot-energy-c1=1-c2=6.png, id=1887, 619.3539pt x 393.8715pt>
File: Immagini/plot-energy-c1=1-c2=6.png Graphic file (type png)
<use Immagini/plot-energy-c1=1-c2=6.png>
Package pdftex.def Info: Immagini/plot-energy-c1=1-c2=6.png  used on input line 491.
(pdftex.def)             Requested size: 150.57372pt x 95.75111pt.
<Immagini/plot-energy-c1=6-c2=1.png, id=1888, 603.4545pt x 393.8715pt>
File: Immagini/plot-energy-c1=6-c2=1.png Graphic file (type png)
<use Immagini/plot-energy-c1=6-c2=1.png>
Package pdftex.def Info: Immagini/plot-energy-c1=6-c2=1.png  used on input line 491.
(pdftex.def)             Requested size: 150.57372pt x 98.2753pt.
 [61

 <./Immagini/plot-energy-c1=1-c2=6.png> <./Immagini/plot-energy-c1=6-c2=1.png>]
<Immagini/plot-energy-c1=1-c2=9.png, id=1920, 626.5809pt x 393.8715pt>
File: Immagini/plot-energy-c1=1-c2=9.png Graphic file (type png)
<use Immagini/plot-energy-c1=1-c2=9.png>
Package pdftex.def Info: Immagini/plot-energy-c1=1-c2=9.png  used on input line 491.
(pdftex.def)             Requested size: 150.57372pt x 94.65128pt.
<Immagini/plot-energy-c1=9-c2=1.png, id=1921, 609.9588pt x 393.8715pt>
File: Immagini/plot-energy-c1=9-c2=1.png Graphic file (type png)
<use Immagini/plot-energy-c1=9-c2=1.png>
Package pdftex.def Info: Immagini/plot-energy-c1=9-c2=1.png  used on input line 491.
(pdftex.def)             Requested size: 150.57372pt x 97.22957pt.
 [62

 <./Immagini/plot-energy-c1=1-c2=9.png> <./Immagini/plot-energy-c1=9-c2=1.png>] (./Figure/energy-variation.tex) [63

])
\openout2 = `Sezioni/schrodinger-equation.aux'.

 (./Sezioni/schrodinger-equation.tex [64




] [65

] [66

] [67

] [68

] [69

] [70

] [71

] [72

] [73

] [74

] [75

] [76

] [77

] [78

] [79

]
<Immagini/plot-schrodinger-free-particle.png, id=2441, 734.9859pt x 393.8715pt>
File: Immagini/plot-schrodinger-free-particle.png Graphic file (type png)
<use Immagini/plot-schrodinger-free-particle.png>
Package pdftex.def Info: Immagini/plot-schrodinger-free-particle.png  used on input line 173.
(pdftex.def)             Requested size: 307.28987pt x 164.67365pt.
 [80

 <./Immagini/plot-schrodinger-free-particle.png>]
<Immagini/plot-sigma-diff-1.png, id=2471, 765.3393pt x 393.8715pt>
File: Immagini/plot-sigma-diff-1.png Graphic file (type png)
<use Immagini/plot-sigma-diff-1.png>
Package pdftex.def Info: Immagini/plot-sigma-diff-1.png  used on input line 229.
(pdftex.def)             Requested size: 95.25911pt x 49.02345pt.
<Immagini/plot-sigma-diff-1,5.png, id=2472, 765.3393pt x 393.8715pt>
File: Immagini/plot-sigma-diff-1,5.png Graphic file (type png)
<use Immagini/plot-sigma-diff-1,5.png>
Package pdftex.def Info: Immagini/plot-sigma-diff-1,5.png  used on input line 229.
(pdftex.def)             Requested size: 95.25911pt x 49.02345pt.
<Immagini/plot-sigma-diff-2.png, id=2473, 771.8436pt x 393.8715pt>
File: Immagini/plot-sigma-diff-2.png Graphic file (type png)
<use Immagini/plot-sigma-diff-2.png>
Package pdftex.def Info: Immagini/plot-sigma-diff-2.png  used on input line 229.
(pdftex.def)             Requested size: 95.25911pt x 48.60876pt.

Overfull \hbox (3.24483pt too wide) in paragraph at lines 229--229
 [] 
 []

[81

 <./Immagini/plot-sigma-diff-1.png> <./Immagini/plot-sigma-diff-1,5.png> <./Immagini/plot-sigma-diff-2.png>]
File: Immagini/plot-sigma-diff-1.png Graphic file (type png)
<use Immagini/plot-sigma-diff-1.png>
Package pdftex.def Info: Immagini/plot-sigma-diff-1.png  used on input line 229.
(pdftex.def)             Requested size: 95.25911pt x 49.02345pt.
File: Immagini/plot-sigma-diff-1,5.png Graphic file (type png)
<use Immagini/plot-sigma-diff-1,5.png>
Package pdftex.def Info: Immagini/plot-sigma-diff-1,5.png  used on input line 229.
(pdftex.def)             Requested size: 95.25911pt x 49.02345pt.
File: Immagini/plot-sigma-diff-2.png Graphic file (type png)
<use Immagini/plot-sigma-diff-2.png>
Package pdftex.def Info: Immagini/plot-sigma-diff-2.png  used on input line 229.
(pdftex.def)             Requested size: 95.25911pt x 48.60876pt.

Overfull \hbox (3.24483pt too wide) in paragraph at lines 229--229
 [] 
 []

[82

] [83

] [84

]
<Immagini/plot-periodic-potential-a-1.png, id=2590, 510.9489pt x 393.8715pt>
File: Immagini/plot-periodic-potential-a-1.png Graphic file (type png)
<use Immagini/plot-periodic-potential-a-1.png>
Package pdftex.def Info: Immagini/plot-periodic-potential-a-1.png  used on input line 302.
(pdftex.def)             Requested size: 98.335pt x 75.79796pt.
<Immagini/plot-periodic-potential-a-1,5.png, id=2591, 510.9489pt x 393.8715pt>
File: Immagini/plot-periodic-potential-a-1,5.png Graphic file (type png)
<use Immagini/plot-periodic-potential-a-1,5.png>
Package pdftex.def Info: Immagini/plot-periodic-potential-a-1,5.png  used on input line 302.
(pdftex.def)             Requested size: 98.335pt x 75.79796pt.
<Immagini/plot-periodic-potential-a-2.png, id=2592, 510.9489pt x 393.8715pt>
File: Immagini/plot-periodic-potential-a-2.png Graphic file (type png)
<use Immagini/plot-periodic-potential-a-2.png>
Package pdftex.def Info: Immagini/plot-periodic-potential-a-2.png  used on input line 302.
(pdftex.def)             Requested size: 98.335pt x 75.79796pt.
 [85

 <./Immagini/plot-periodic-potential-a-1.png> <./Immagini/plot-periodic-potential-a-1,5.png> <./Immagini/plot-periodic-potential-a-2.png>] [86

] [87

] [88

] [89

]
<Immagini/plot-effective-mass.png, id=2740, 938.0646pt x 393.8715pt>
File: Immagini/plot-effective-mass.png Graphic file (type png)
<use Immagini/plot-effective-mass.png>
Package pdftex.def Info: Immagini/plot-effective-mass.png  used on input line 357.
(pdftex.def)             Requested size: 307.28987pt x 129.0224pt.
 [90

 <./Immagini/plot-effective-mass.png>]
<Immagini/plot-linear-potential.png, id=2770, 734.9859pt x 393.8715pt>
File: Immagini/plot-linear-potential.png Graphic file (type png)
<use Immagini/plot-linear-potential.png>
Package pdftex.def Info: Immagini/plot-linear-potential.png  used on input line 386.
(pdftex.def)             Requested size: 267.34068pt x 143.26607pt.
 [91

 <./Immagini/plot-linear-potential.png>]
File: Immagini/plot-linear-potential.png Graphic file (type png)
<use Immagini/plot-linear-potential.png>
Package pdftex.def Info: Immagini/plot-linear-potential.png  used on input line 386.
(pdftex.def)             Requested size: 267.34068pt x 143.26607pt.
 [92

]
<Immagini/plot-moving-average-1.png, id=2830, 776.1798pt x 393.8715pt>
File: Immagini/plot-moving-average-1.png Graphic file (type png)
<use Immagini/plot-moving-average-1.png>
Package pdftex.def Info: Immagini/plot-moving-average-1.png  used on input line 424.
(pdftex.def)             Requested size: 138.2795pt x 70.1666pt.
<Immagini/plot-moving-average-1,25.png, id=2831, 776.1798pt x 393.8715pt>
File: Immagini/plot-moving-average-1,25.png Graphic file (type png)
<use Immagini/plot-moving-average-1,25.png>
Package pdftex.def Info: Immagini/plot-moving-average-1,25.png  used on input line 424.
(pdftex.def)             Requested size: 138.2795pt x 70.1666pt.
<Immagini/plot-moving-average-1,5.png, id=2832, 776.1798pt x 393.8715pt>
File: Immagini/plot-moving-average-1,5.png Graphic file (type png)
<use Immagini/plot-moving-average-1,5.png>
Package pdftex.def Info: Immagini/plot-moving-average-1,5.png  used on input line 424.
(pdftex.def)             Requested size: 138.2795pt x 70.1666pt.
<Immagini/plot-moving-average-2.png, id=2833, 776.1798pt x 393.8715pt>
File: Immagini/plot-moving-average-2.png Graphic file (type png)
<use Immagini/plot-moving-average-2.png>
Package pdftex.def Info: Immagini/plot-moving-average-2.png  used on input line 424.
(pdftex.def)             Requested size: 138.2795pt x 70.1666pt.
 [93

 <./Immagini/plot-moving-average-1.png> <./Immagini/plot-moving-average-1,25.png> <./Immagini/plot-moving-average-1,5.png> <./Immagini/plot-moving-average-2.png>] [94

] [95

] [96

] [97

] [98

] [99

] [100

])

LaTeX Font Warning: Font shape `T1/cmr/m/n' in size <20> not available
(Font)              size <20.74> substituted on input line 152.


LaTeX Font Warning: Font shape `T1/cmr/m/it' in size <20> not available
(Font)              size <20.74> substituted on input line 152.


LaTeX Font Warning: Font shape `T1/cmr/bx/it' in size <20> not available
(Font)              size <20.74> substituted on input line 152.

LaTeX Font Info:    Calculating math sizes for size <20> on input line 152.

LaTeX Font Warning: Font shape `OT1/cmr/m/n' in size <20> not available
(Font)              size <20.74> substituted on input line 152.


LaTeX Font Warning: Font shape `OT1/cmr/m/n' in size <13.99994> not available
(Font)              size <14.4> substituted on input line 152.


LaTeX Font Warning: Font shape `OML/cmm/m/it' in size <20> not available
(Font)              size <20.74> substituted on input line 152.


LaTeX Font Warning: Font shape `OML/cmm/m/it' in size <13.99994> not available
(Font)              size <14.4> substituted on input line 152.


LaTeX Font Warning: Font shape `OMS/cmsy/m/n' in size <20> not available
(Font)              size <20.74> substituted on input line 152.


LaTeX Font Warning: Font shape `OMS/cmsy/m/n' in size <13.99994> not available
(Font)              size <14.4> substituted on input line 152.

[101



]
\tf@nav=\write5
\openout5 = `01beamer.nav'.

\tf@toc=\write6
\openout6 = `01beamer.toc'.

\tf@snm=\write7
\openout7 = `01beamer.snm'.

 (./01beamer.aux (./Sezioni/finite-element-method.aux) (./Sezioni/classical-wave-equation.aux) (./Sezioni/schrodinger-equation.aux))

LaTeX Font Warning: Size substitutions with differences
(Font)              up to 0.74pt have occurred.

 ) 
Here is how much of TeX's memory you used:
 41582 strings out of 476025
 906018 string characters out of 5790017
 1873388 words of memory out of 5000000
 60927 multiletter control sequences out of 15000+600000
 547072 words of font info for 120 fonts, out of 8000000 for 9000
 1141 hyphenation exceptions out of 8191
 128i,19n,122p,596b,1068s stack positions out of 10000i,1000n,20000p,200000b,200000s
</usr/local/texlive/2023/texmf-dist/fonts/type1/public/amsfonts/cmextra/cmbsy7.pfb></usr/local/texlive/2023/texmf-dist/fonts/type1/public/amsfonts/cm/cmbx10.pfb></usr/local/texlive/2023/texmf-dist/fonts/type1/public/amsfonts/cm/cmbx6.pfb></usr/local/texlive/2023/texmf-dist/fonts/type1/public/amsfonts/cm/cmbx7.pfb></usr/local/texlive/2023/texmf-dist/fonts/type1/public/amsfonts/cm/cmbx9.pfb></usr/local/texlive/2023/texmf-dist/fonts/type1/public/amsfonts/cm/cmex10.pfb></usr/local/texlive/2023/texmf-dist/fonts/type1/public/amsfonts/cmextra/cmex7.pfb></usr/local/texlive/2023/texmf-dist/fonts/type1/public/amsfonts/cmextra/cmex8.pfb></usr/local/texlive/2023/texmf-dist/fonts/type1/public/amsfonts/cmextra/cmex9.pfb></usr/local/texlive/2023/texmf-dist/fonts/type1/public/amsfonts/cm/cmmi10.pfb></usr/local/texlive/2023/texmf-dist/fonts/type1/public/amsfonts/cm/cmmi12.pfb></usr/local/texlive/2023/texmf-dist/fonts/type1/public/amsfonts/cm/cmmi5.pfb></usr/local/texlive/2023/texmf-dist/fonts/type1/public/amsfonts/cm/cmmi6.pfb></usr/local/texlive/2023/texmf-dist/fonts/type1/public/amsfonts/cm/cmmi7.pfb></usr/local/texlive/2023/texmf-dist/fonts/type1/public/amsfonts/cm/cmmi8.pfb></usr/local/texlive/2023/texmf-dist/fonts/type1/public/amsfonts/cm/cmmi9.pfb></usr/local/texlive/2023/texmf-dist/fonts/type1/public/amsfonts/cm/cmmib10.pfb></usr/local/texlive/2023/texmf-dist/fonts/type1/public/amsfonts/cmextra/cmmib5.pfb></usr/local/texlive/2023/texmf-dist/fonts/type1/public/amsfonts/cmextra/cmmib6.pfb></usr/local/texlive/2023/texmf-dist/fonts/type1/public/amsfonts/cmextra/cmmib7.pfb></usr/local/texlive/2023/texmf-dist/fonts/type1/public/amsfonts/cmextra/cmmib8.pfb></usr/local/texlive/2023/texmf-dist/fonts/type1/public/amsfonts/cmextra/cmmib9.pfb></usr/local/texlive/2023/texmf-dist/fonts/type1/public/amsfonts/cm/cmr10.pfb></usr/local/texlive/2023/texmf-dist/fonts/type1/public/amsfonts/cm/cmr12.pfb></usr/local/texlive/2023/texmf-dist/fonts/type1/public/amsfonts/cm/cmr5.pfb></usr/local/texlive/2023/texmf-dist/fonts/type1/public/amsfonts/cm/cmr6.pfb></usr/local/texlive/2023/texmf-dist/fonts/type1/public/amsfonts/cm/cmr7.pfb></usr/local/texlive/2023/texmf-dist/fonts/type1/public/amsfonts/cm/cmr8.pfb></usr/local/texlive/2023/texmf-dist/fonts/type1/public/amsfonts/cm/cmr9.pfb></usr/local/texlive/2023/texmf-dist/fonts/type1/public/amsfonts/cm/cmsy10.pfb></usr/local/texlive/2023/texmf-dist/fonts/type1/public/amsfonts/cm/cmsy5.pfb></usr/local/texlive/2023/texmf-dist/fonts/type1/public/amsfonts/cm/cmsy6.pfb></usr/local/texlive/2023/texmf-dist/fonts/type1/public/amsfonts/cm/cmsy7.pfb></usr/local/texlive/2023/texmf-dist/fonts/type1/public/amsfonts/cm/cmsy8.pfb></usr/local/texlive/2023/texmf-dist/fonts/type1/public/amsfonts/cm/cmsy9.pfb></usr/local/texlive/2023/texmf-dist/fonts/type1/public/amsfonts/symbols/msam10.pfb></usr/local/texlive/2023/texmf-dist/fonts/type1/public/amsfonts/symbols/msbm10.pfb></usr/local/texlive/2023/texmf-dist/fonts/type1/public/amsfonts/symbols/msbm5.pfb></usr/local/texlive/2023/texmf-dist/fonts/type1/public/amsfonts/symbols/msbm7.pfb></usr/local/texlive/2023/texmf-dist/fonts/type1/public/cm-super/sfbi2074.pfb></usr/local/texlive/2023/texmf-dist/fonts/type1/public/cm-super/sfbx0700.pfb></usr/local/texlive/2023/texmf-dist/fonts/type1/public/cm-super/sfbx0800.pfb></usr/local/texlive/2023/texmf-dist/fonts/type1/public/cm-super/sfbx0900.pfb></usr/local/texlive/2023/texmf-dist/fonts/type1/public/cm-super/sfbx1000.pfb></usr/local/texlive/2023/texmf-dist/fonts/type1/public/cm-super/sfbx1200.pfb></usr/local/texlive/2023/texmf-dist/fonts/type1/public/cm-super/sfrm0500.pfb></usr/local/texlive/2023/texmf-dist/fonts/type1/public/cm-super/sfrm0600.pfb></usr/local/texlive/2023/texmf-dist/fonts/type1/public/cm-super/sfrm0700.pfb></usr/local/texlive/2023/texmf-dist/fonts/type1/public/cm-super/sfrm0800.pfb></usr/local/texlive/2023/texmf-dist/fonts/type1/public/cm-super/sfrm0900.pfb></usr/local/texlive/2023/texmf-dist/fonts/type1/public/cm-super/sfrm1000.pfb></usr/local/texlive/2023/texmf-dist/fonts/type1/public/cm-super/sfrm1440.pfb></usr/local/texlive/2023/texmf-dist/fonts/type1/public/cm-super/sfti0800.pfb></usr/local/texlive/2023/texmf-dist/fonts/type1/public/cm-super/sfti0900.pfb></usr/local/texlive/2023/texmf-dist/fonts/type1/public/cm-super/sfti1000.pfb></usr/local/texlive/2023/texmf-dist/fonts/type1/public/cm-super/sftt0800.pfb></usr/local/texlive/2023/texmf-dist/fonts/type1/public/cm-super/sftt0900.pfb>
Output written on 01beamer.pdf (101 pages, 5429266 bytes).
PDF statistics:
 3380 PDF objects out of 3580 (max. 8388607)
 3001 compressed objects within 31 object streams
 206 named destinations out of 1000 (max. 500000)
 508 words of extra memory for PDF output out of 10000 (max. 10000000)

